2013-nov-09 13:52:00.111 INFO	core	Dwarf Therapist "0.6.12" starting normally. [src\dwarftherapist.cpp:140] (setup_logging)
2013-nov-09 13:52:00.279 DEBUG	core	setting up connections for MainWindow [src\mainwindow.cpp:147] (MainWindow)
2013-nov-09 13:52:00.281 DEBUG	core	beginning to read settings [src\dwarftherapist.cpp:162] (read_settings)
2013-nov-09 13:52:00.294 DEBUG	core	finished reading settings [src\dwarftherapist.cpp:227] (read_settings)
2013-nov-09 13:52:00.343 DEBUG	core	attempting connection to running DF game [src\mainwindow.cpp:295] (connect_to_df)
2013-nov-09 13:52:00.347 DEBUG	core	adding valid layout "v0.34.11 (graphics)" "0x4fcc9488" [src\dfinstance.cpp:118] (DFInstance)
2013-nov-09 13:52:00.348 DEBUG	core	adding valid layout "v0.34.10 (graphics)" "0x4fba073a" [src\dfinstance.cpp:118] (DFInstance)
2013-nov-09 13:52:00.349 DEBUG	core	adding valid layout "v0.34.09 (graphics)" "0x4fb4c506" [src\dfinstance.cpp:118] (DFInstance)
2013-nov-09 13:52:00.350 DEBUG	core	adding valid layout "v0.34.08 (graphics)" "0x4fb0ccba" [src\dfinstance.cpp:118] (DFInstance)
2013-nov-09 13:52:00.351 DEBUG	core	adding valid layout "v0.34.07 (legacy)" "0x4f7592fe" [src\dfinstance.cpp:118] (DFInstance)
2013-nov-09 13:52:00.352 DEBUG	core	adding valid layout "v0.34.07 (graphics)" "0x4f7592fe" [src\dfinstance.cpp:118] (DFInstance)
2013-nov-09 13:52:00.353 DEBUG	core	adding valid layout "v0.34.06 (legacy)" "0x4f6c279c" [src\dfinstance.cpp:118] (DFInstance)
2013-nov-09 13:52:00.353 DEBUG	core	adding valid layout "v0.34.06 (graphics)" "0x4f6c34ca" [src\dfinstance.cpp:118] (DFInstance)
2013-nov-09 13:52:00.354 DEBUG	core	adding valid layout "v0.34.05 (legacy)" "0x4f55e19c" [src\dfinstance.cpp:118] (DFInstance)
2013-nov-09 13:52:00.354 DEBUG	core	adding valid layout "v0.34.05 (graphics)" "0x4f55f23e" [src\dfinstance.cpp:118] (DFInstance)
2013-nov-09 13:52:00.355 DEBUG	core	adding valid layout "v0.34.04 (legacy)" "0x4f4d8635" [src\dfinstance.cpp:118] (DFInstance)
2013-nov-09 13:52:00.355 DEBUG	core	adding valid layout "v0.34.04 (graphics)" "0x4f4d9726" [src\dfinstance.cpp:118] (DFInstance)
2013-nov-09 13:52:00.356 DEBUG	core	adding valid layout "v0.34.03 (legacy)" "0x4f4cd85b" [src\dfinstance.cpp:118] (DFInstance)
2013-nov-09 13:52:00.357 DEBUG	core	adding valid layout "v0.34.03 (legacy)" "0x4f4cd85b" [src\dfinstance.cpp:118] (DFInstance)
2013-nov-09 13:52:00.357 DEBUG	core	adding valid layout "v0.34.02 (legacy)" "0x4f3f76bf" [src\dfinstance.cpp:118] (DFInstance)
2013-nov-09 13:52:00.358 DEBUG	core	adding valid layout "v0.34.02 (graphics)" "0x4f3f88bc" [src\dfinstance.cpp:118] (DFInstance)
2013-nov-09 13:52:00.358 DEBUG	core	adding valid layout "v0.34.01 (legacy)" "0x4f390718" [src\dfinstance.cpp:118] (DFInstance)
2013-nov-09 13:52:00.359 DEBUG	core	adding valid layout "v0.34.01 (graphics)" "0x4f391a33" [src\dfinstance.cpp:118] (DFInstance)
2013-nov-09 13:52:00.359 DEBUG	core	adding valid layout "v0.31.25 (legacy)" "0x4d9068da" [src\dfinstance.cpp:118] (DFInstance)
2013-nov-09 13:52:00.360 DEBUG	core	adding valid layout "v0.31.25 (graphics)" "0x4d90764f" [src\dfinstance.cpp:118] (DFInstance)
2013-nov-09 13:52:00.360 DEBUG	core	adding valid layout "v0.31.24 (legacy)" "0x4d8f2994" [src\dfinstance.cpp:118] (DFInstance)
2013-nov-09 13:52:00.361 DEBUG	core	adding valid layout "v0.31.24 (graphics)" "0x4d8f39f9" [src\dfinstance.cpp:118] (DFInstance)
2013-nov-09 13:52:00.361 DEBUG	core	adding valid layout "v0.31.23 (legacy)" "0x4d8dd5a2" [src\dfinstance.cpp:118] (DFInstance)
2013-nov-09 13:52:00.362 DEBUG	core	adding valid layout "v0.31.23 (graphics)" "0x4d8de854" [src\dfinstance.cpp:118] (DFInstance)
2013-nov-09 13:52:00.362 DEBUG	core	adding valid layout "v0.31.22 (legacy)" "0x4d8b1dce" [src\dfinstance.cpp:118] (DFInstance)
2013-nov-09 13:52:00.363 DEBUG	core	adding valid layout "v0.31.22 (graphics)" "0x4d8b30fc" [src\dfinstance.cpp:118] (DFInstance)
2013-nov-09 13:52:00.364 DEBUG	core	adding valid layout "v0.31.21 (legacy)" "0x4d743206" [src\dfinstance.cpp:118] (DFInstance)
2013-nov-09 13:52:00.364 DEBUG	core	adding valid layout "v0.31.21 (graphics)" "0x4d743da7" [src\dfinstance.cpp:118] (DFInstance)
2013-nov-09 13:52:00.365 DEBUG	core	adding valid layout "v0.31.20 (legacy)" "0x4d72f10d" [src\dfinstance.cpp:118] (DFInstance)
2013-nov-09 13:52:00.365 DEBUG	core	adding valid layout "v0.31.20 (graphics)" "0x4d734fb5" [src\dfinstance.cpp:118] (DFInstance)
2013-nov-09 13:52:00.366 DEBUG	core	adding valid layout "v0.31.19 (legacy)" "0x4d5b9f3c" [src\dfinstance.cpp:118] (DFInstance)
2013-nov-09 13:52:00.366 DEBUG	core	adding valid layout "v0.31.19 (graphics)" "0x4d5bc345" [src\dfinstance.cpp:118] (DFInstance)
2013-nov-09 13:52:00.367 DEBUG	core	adding valid layout "v0.31.18 (legacy)" "0x4ce278c2" [src\dfinstance.cpp:118] (DFInstance)
2013-nov-09 13:52:00.367 DEBUG	core	adding valid layout "v0.31.18 (graphics)" "0x4ce2841d" [src\dfinstance.cpp:118] (DFInstance)
2013-nov-09 13:52:00.368 DEBUG	core	adding valid layout "v0.31.17 (legacy)" "0x4cdc0c76" [src\dfinstance.cpp:118] (DFInstance)
2013-nov-09 13:52:00.368 DEBUG	core	adding valid layout "v0.31.17 (graphics)" "0x4cdc27a0" [src\dfinstance.cpp:118] (DFInstance)
2013-nov-09 13:52:00.369 DEBUG	core	adding valid layout "v0.31.16 (legacy)" "0x4ca9c859" [src\dfinstance.cpp:118] (DFInstance)
2013-nov-09 13:52:00.369 DEBUG	core	adding valid layout "v0.31.16 (graphics)" "0x4ca9d544" [src\dfinstance.cpp:118] (DFInstance)
2013-nov-09 13:52:00.370 DEBUG	core	adding valid layout "v0.31.15 (legacy)" "0x4ca859cd" [src\dfinstance.cpp:118] (DFInstance)
2013-nov-09 13:52:00.370 DEBUG	core	adding valid layout "v0.31.15 (graphics)" "0x4ca869ea" [src\dfinstance.cpp:118] (DFInstance)
2013-nov-09 13:52:00.371 DEBUG	core	adding valid layout "v0.31.14 (legacy)" "0x4c9b4c27" [src\dfinstance.cpp:118] (DFInstance)
2013-nov-09 13:52:00.371 DEBUG	core	adding valid layout "v0.31.14 (graphics)" "0x4c9b6efb" [src\dfinstance.cpp:118] (DFInstance)
2013-nov-09 13:52:00.372 DEBUG	core	adding valid layout "v0.31.13 (legacy)" "0x4c908b66" [src\dfinstance.cpp:118] (DFInstance)
2013-nov-09 13:52:00.372 DEBUG	core	adding valid layout "v0.31.13 (graphics)" "0x4c90ada8" [src\dfinstance.cpp:118] (DFInstance)
2013-nov-09 13:52:00.373 DEBUG	core	adding valid layout "v0.31.12 (legacy)" "0x4c4c1527" [src\dfinstance.cpp:118] (DFInstance)
2013-nov-09 13:52:00.373 DEBUG	core	adding valid layout "v0.31.12 (graphics)" "0x4c4c32e7" [src\dfinstance.cpp:118] (DFInstance)
2013-nov-09 13:52:00.374 DEBUG	core	adding valid layout "v0.31.11 (legacy)" "0x4c495d9f" [src\dfinstance.cpp:118] (DFInstance)
2013-nov-09 13:52:00.374 DEBUG	core	adding valid layout "v0.31.11 (graphics)" "0x4c496d93" [src\dfinstance.cpp:118] (DFInstance)
2013-nov-09 13:52:00.375 DEBUG	core	adding valid layout "v0.31.10 (legacy)" "0x4c397516" [src\dfinstance.cpp:118] (DFInstance)
2013-nov-09 13:52:00.375 DEBUG	core	adding valid layout "v0.31.10 (graphics)" "0x4c398089" [src\dfinstance.cpp:118] (DFInstance)
2013-nov-09 13:52:00.375 DEBUG	core	adding valid layout "v0.31.08 (legacy)" "0x4c1d60a0" [src\dfinstance.cpp:118] (DFInstance)
2013-nov-09 13:52:00.376 DEBUG	core	adding valid layout "v0.31.08 (graphics)" "0x4c1d69fe" [src\dfinstance.cpp:118] (DFInstance)
2013-nov-09 13:52:00.376 DEBUG	core	adding valid layout "v0.31.06 (legacy)" "0x4c0f6a01" [src\dfinstance.cpp:118] (DFInstance)
2013-nov-09 13:52:00.377 DEBUG	core	adding valid layout "v0.31.06 (graphics)" "0x4c0f83d5" [src\dfinstance.cpp:118] (DFInstance)
2013-nov-09 13:52:00.377 DEBUG	core	adding valid layout "v0.31.05 (legacy)" "0x4c090730" [src\dfinstance.cpp:118] (DFInstance)
2013-nov-09 13:52:00.378 DEBUG	core	adding valid layout "v0.31.05 (graphics)" "0x4c091569" [src\dfinstance.cpp:118] (DFInstance)
2013-nov-09 13:52:00.378 DEBUG	core	adding valid layout "v0.31.04 (legacy)" "0x4befdde5" [src\dfinstance.cpp:118] (DFInstance)
2013-nov-09 13:52:00.378 DEBUG	core	adding valid layout "v0.31.04 (graphics)" "0x4bf014fa" [src\dfinstance.cpp:118] (DFInstance)
2013-nov-09 13:52:00.379 DEBUG	core	adding valid layout "v0.31.03" "0x4bc3c470" [src\dfinstance.cpp:118] (DFInstance)
2013-nov-09 13:52:00.379 DEBUG	core	adding valid layout "v0.31.02" "0x4bbdf378" [src\dfinstance.cpp:118] (DFInstance)
2013-nov-09 13:52:00.380 DEBUG	core	adding valid layout "v0.31.01" "0x4bb45f99" [src\dfinstance.cpp:118] (DFInstance)
2013-nov-09 13:52:00.380 DEBUG	core	attempting to find running copy of DF by window handle [src\dfinstancewindows.cpp:189] (find_running_copy)
2013-nov-09 13:52:00.380 DEBUG	core	found copy with HWND:  0x2d0330 [src\dfinstancewindows.cpp:205] (find_running_copy)
2013-nov-09 13:52:00.380 DEBUG	core	PID of process is:  2140 [src\dfinstancewindows.cpp:212] (find_running_copy)
2013-nov-09 13:52:00.380 DEBUG	core	PROC HANDLE: 0x1c0 [src\dfinstancewindows.cpp:220] (find_running_copy)
2013-nov-09 13:52:00.380 DEBUG	core	PEB is at:  0xfffde000 [src\dfinstancewindows.cpp:226] (find_running_copy)
2013-nov-09 13:52:00.380 DEBUG	core	read 12 bytes BASE ADDR is at:  0x1070000 [src\dfinstancewindows.cpp:239] (find_running_copy)
2013-nov-09 13:52:00.380 DEBUG	core	Target EXE was compiled at  "2012-06-04T12:57:12" [src\dfinstancewindows.cpp:70] (calculate_checksum)
2013-nov-09 13:52:00.380 DEBUG	core	DF's checksum is: "0x4fcc9488" [src\dfinstance.cpp:1365] (get_memory_layout)
2013-nov-09 13:52:00.380 INFO	core	Detected Dwarf Fortress version "v0.34.11 (graphics)" using MemoryLayout from "C:/Users/Nesis/Google Drive/DwarfFortressDB/therapist/Masterwork/20.6.6/etc/memory_layouts/windows/v0.34.11_graphics.ini" [src\dfinstance.cpp:1377] (get_memory_layout)
2013-nov-09 13:52:00.381 DEBUG	core	base address: "0x01070000" [src\dfinstancewindows.cpp:261] (find_running_copy)
2013-nov-09 13:52:00.381 DEBUG	core	memory correction: "0x00c70000" [src\dfinstancewindows.cpp:262] (find_running_copy)
2013-nov-09 13:52:00.393 DEBUG	core	MEMORY SEGMENT SUMMARY: accepted 954 rejected 357 total 1311 [src\dfinstancewindows.cpp:368] (map_virtual_memory)
2013-nov-09 13:52:00.393 DEBUG	core	GetModuleFileNameEx returned:  "D:\games\MasterworkDF 4c\Dwarf Fortress\Dwarf Fortress.exe" [src\dfinstancewindows.cpp:275] (find_running_copy)
2013-nov-09 13:52:00.393 INFO	core	Dwarf fortress path: "D:/games/MasterworkDF 4c/Dwarf Fortress" [src\dfinstancewindows.cpp:278] (find_running_copy)
2013-nov-09 13:52:00.395 DEBUG	core	Connection to DF version "v0.34.11 (graphics)" established. [src\mainwindow.cpp:322] (connect_to_df)
2013-nov-09 13:52:00.408 DEBUG	core	MEMORY SEGMENT SUMMARY: accepted 954 rejected 357 total 1311 [src\dfinstancewindows.cpp:368] (map_virtual_memory)
2013-nov-09 13:52:00.408 DEBUG	core	Loading language translation tables [src\languages.cpp:58] (load_data)
2013-nov-09 13:52:00.408 DEBUG	core	Loading generic strings from 24de8e0 [src\languages.cpp:72] (load_data)
2013-nov-09 13:52:00.411 DEBUG	core	generic words 2189 [src\languages.cpp:74] (load_data)
2013-nov-09 13:52:00.939 WARNING	core	vector at "0x024e41c0" has over 5000 entries! ( 6740 ) [src\dfinstancewindows.cpp:87] (enumerate_vector)
2013-nov-09 13:52:01.479 DEBUG	core	dwarf race index "0x022c6ffc" "0x01656ffc" (UNCORRECTED) [src\dfinstance.cpp:376] (load_game_data)
2013-nov-09 13:52:01.480 DEBUG	core	dwarf race: "0x00000473" [src\dfinstance.cpp:381] (load_game_data)
2013-nov-09 13:52:02.140 INFO	core	Loaded 13 views from disk [src\viewmanager.cpp:191] (reload_views)
2013-nov-09 13:52:02.143 DEBUG	core	group_by now set to 0  for view  "Labors" [src\models\dwarfmodel.cpp:694] (set_group_by)
2013-nov-09 13:52:02.160 DEBUG	core	group_by now set to 0  for view  "Labors" [src\models\dwarfmodel.cpp:694] (set_group_by)
2013-nov-09 13:52:02.160 DEBUG	core	"redrew views in 20ms" [src\viewmanager.cpp:314] (draw_views)
2013-nov-09 13:52:02.176 DEBUG	core	MEMORY SEGMENT SUMMARY: accepted 954 rejected 357 total 1311 [src\dfinstancewindows.cpp:368] (map_virtual_memory)
2013-nov-09 13:52:02.192 DEBUG	core	loading creatures from  "0x0249a988" "0x0182a988" (UNCORRECTED) [src\dfinstance.cpp:470] (load_dwarves)
2013-nov-09 13:52:02.192 DEBUG	core	current year "0x01ccd32c" "0x0105d32c" (UNCORRECTED) [src\dfinstance.cpp:472] (load_dwarves)
2013-nov-09 13:52:02.192 DEBUG	core	civilization id: "0x0000006d" [src\dfinstance.cpp:478] (load_dwarves)
2013-nov-09 13:52:02.192 DEBUG	core	current year: 105 [src\dfinstance.cpp:481] (load_dwarves)
2013-nov-09 13:52:02.193 DEBUG	core	using active units [src\dfinstance.cpp:902] (get_creatures)
2013-nov-09 13:52:02.196 WARNING	core	vector at "0x024e5980" has over 5000 entries! ( 10476 ) [src\dfinstancewindows.cpp:87] (enumerate_vector)
2013-nov-09 13:52:02.231 DEBUG	core	FOUND DWARF "0x2a542338" "'==== EtherDreamer' Titthalsharsid Rodimdumur Meban" [src\dfinstance.cpp:500] (load_dwarves)
2013-nov-09 13:52:02.231 DEBUG	core	Ignoring "'$$$ MINER' Akrulcavor" who appears to be "Dead, Jim." [src\dwarf.cpp:212] (has_invalid_flags)
2013-nov-09 13:52:02.235 DEBUG	core	FOUND DWARF "0x2a543948" "Reksas Unosstodir" [src\dfinstance.cpp:500] (load_dwarves)
2013-nov-09 13:52:02.235 DEBUG	core	Ignoring "'Fish / Miner' Ustuthbot" who appears to be "Dead, Jim." [src\dwarf.cpp:212] (has_invalid_flags)
2013-nov-09 13:52:02.238 DEBUG	core	FOUND DWARF "0x2a544f58" "'M= BloodMerc' Zan" [src\dfinstance.cpp:500] (load_dwarves)
2013-nov-09 13:52:02.238 DEBUG	core	Ignoring "'@@@ XxsPutzz' Itsasshoshin" who appears to be "Dead, Jim." [src\dwarf.cpp:212] (has_invalid_flags)
2013-nov-09 13:52:02.241 DEBUG	core	FOUND DWARF "0x2a546568" "'$$ Glassmaker' Rigothrumad" [src\dfinstance.cpp:500] (load_dwarves)
2013-nov-09 13:52:02.242 DEBUG	core	FOUND BEAST "0x2a547070" "Doe Dewbeetle" [src\dfinstance.cpp:513] (load_dwarves)
2013-nov-09 13:52:02.242 DEBUG	core	FOUND BEAST "0x2a547b78" "Stag Dewbeetle" [src\dfinstance.cpp:513] (load_dwarves)
2013-nov-09 13:52:02.243 DEBUG	core	FOUND BEAST "0x2a548680" "Moleweasel" [src\dfinstance.cpp:513] (load_dwarves)
2013-nov-09 13:52:02.244 DEBUG	core	Ignoring "Unknown" who appears to be "Dead, Jim." [src\dwarf.cpp:212] (has_invalid_flags)
2013-nov-09 13:52:02.244 DEBUG	core	Ignoring "Unknown" who appears to be "Dead, Jim." [src\dwarf.cpp:212] (has_invalid_flags)
2013-nov-09 13:52:02.245 DEBUG	core	FOUND BEAST "0x2a54a798" "Leatherwing Bat" [src\dfinstance.cpp:513] (load_dwarves)
2013-nov-09 13:52:02.246 DEBUG	core	FOUND BEAST "0x2a54b2a0" "Bearded Cavernkeet Hen" [src\dfinstance.cpp:513] (load_dwarves)
2013-nov-09 13:52:02.247 DEBUG	core	FOUND BEAST "0x2a54bda8" "Bearded Cavernkeet" [src\dfinstance.cpp:513] (load_dwarves)
2013-nov-09 13:52:02.247 DEBUG	core	Ignoring "Unknown" who appears to be "Dead, Jim." [src\dwarf.cpp:212] (has_invalid_flags)
2013-nov-09 13:52:02.248 DEBUG	core	FOUND BEAST "0x2a54d600" "War Cragtooth Boar (Entustsnodub)" [src\dfinstance.cpp:513] (load_dwarves)
2013-nov-09 13:52:02.248 DEBUG	core	Ignoring "Unknown" who appears to be "Dead, Jim." [src\dwarf.cpp:212] (has_invalid_flags)
2013-nov-09 13:52:02.249 DEBUG	core	FOUND BEAST "0x2a54ec10" "Changeling" [src\dfinstance.cpp:513] (load_dwarves)
2013-nov-09 13:52:02.250 DEBUG	core	FOUND BEAST "0x2a54f718" "Changeling Breeder" [src\dfinstance.cpp:513] (load_dwarves)
2013-nov-09 13:52:02.250 DEBUG	core	FOUND BEAST "0x2a550220" "Armoks Ward" [src\dfinstance.cpp:513] (load_dwarves)
2013-nov-09 13:52:02.250 DEBUG	core	Ignoring "Unknown" who appears to be "Dead, Jim." [src\dwarf.cpp:212] (has_invalid_flags)
2013-nov-09 13:52:02.251 DEBUG	core	Ignoring "Unknown" who appears to be "Dead, Jim." [src\dwarf.cpp:212] (has_invalid_flags)
2013-nov-09 13:52:02.253 DEBUG	core	FOUND DWARF "0x2e4a7ba8" "'??? jasetho' Eshikngalak" [src\dfinstance.cpp:500] (load_dwarves)
2013-nov-09 13:52:02.256 DEBUG	core	FOUND DWARF "0x2e4a5a90" "'$$ Machine' Muthkatgoden" [src\dfinstance.cpp:500] (load_dwarves)
2013-nov-09 13:52:02.258 DEBUG	core	FOUND DWARF "0x2ac9ad30" "'??? $$$ smith' Oshgatitdun" [src\dfinstance.cpp:500] (load_dwarves)
2013-nov-09 13:52:02.260 DEBUG	core	FOUND DWARF "0x2a531830" "'<<--< Kus Boba Fett' Kednathzevut Mirstalningud Thak" [src\dfinstance.cpp:500] (load_dwarves)
2013-nov-09 13:52:02.260 DEBUG	core	Ignoring "'smith' Vumsharbithsest" who appears to be "Dead, Jim." [src\dwarf.cpp:212] (has_invalid_flags)
2013-nov-09 13:52:02.264 DEBUG	core	FOUND DWARF "0x2a537070" "'$$$ BONES' Keskaltan" [src\dfinstance.cpp:500] (load_dwarves)
2013-nov-09 13:52:02.265 DEBUG	core	Ignoring "'==' Gedoraral" who appears to be "Dead, Jim." [src\dwarf.cpp:212] (has_invalid_flags)
2013-nov-09 13:52:02.268 DEBUG	core	FOUND DWARF "0x2a552e40" "'$$$ Carpenter' Kuletokir" [src\dfinstance.cpp:500] (load_dwarves)
2013-nov-09 13:52:02.271 DEBUG	core	FOUND DWARF "0x2a553948" "'??? DARKONVIR' Mangrodtosid" [src\dfinstance.cpp:500] (load_dwarves)
2013-nov-09 13:52:02.271 DEBUG	core	FOUND BEAST "0x2a554450" "Mastiff (Stakud Ezostorshar)" [src\dfinstance.cpp:513] (load_dwarves)
2013-nov-09 13:52:02.272 DEBUG	core	FOUND BEAST "0x2a554f58" "Bearded Cavernkeet Hen (Zust Oltaranzish)" [src\dfinstance.cpp:513] (load_dwarves)
2013-nov-09 13:52:02.274 DEBUG	core	FOUND DWARF "0x2ac99720" "'$$$ Arnob8911' Olonatham" [src\dfinstance.cpp:500] (load_dwarves)
2013-nov-09 13:52:02.274 DEBUG	core	Ignoring "Unknown" who appears to be "Dead, Jim." [src\dwarf.cpp:212] (has_invalid_flags)
2013-nov-09 13:52:02.275 DEBUG	core	Ignoring "Unknown" who appears to be "Dead, Jim." [src\dwarf.cpp:212] (has_invalid_flags)
2013-nov-09 13:52:02.275 DEBUG	core	Ignoring "Unknown" who appears to be "Dead, Jim." [src\dwarf.cpp:212] (has_invalid_flags)
2013-nov-09 13:52:02.276 DEBUG	core	FOUND BEAST "0x2a559188" "Changeling" [src\dfinstance.cpp:513] (load_dwarves)
2013-nov-09 13:52:02.276 DEBUG	core	Ignoring "Unknown" who appears to be "Dead, Jim." [src\dwarf.cpp:212] (has_invalid_flags)
2013-nov-09 13:52:02.276 DEBUG	core	Ignoring "Unknown" who appears to be "Dead, Jim." [src\dwarf.cpp:212] (has_invalid_flags)
2013-nov-09 13:52:02.277 DEBUG	core	FOUND BEAST "0x2a55d600" "War Cragtooth Boar (Odunithim)" [src\dfinstance.cpp:513] (load_dwarves)
2013-nov-09 13:52:02.278 DEBUG	core	FOUND BEAST "0x2a55e108" "War Cragtooth Boar" [src\dfinstance.cpp:513] (load_dwarves)
2013-nov-09 13:52:02.279 DEBUG	core	FOUND BEAST "0x2a55ec10" "Leatherwing Bat" [src\dfinstance.cpp:513] (load_dwarves)
2013-nov-09 13:52:02.279 DEBUG	core	FOUND BEAST "0x2a55f718" "Leatherwing Bat" [src\dfinstance.cpp:513] (load_dwarves)
2013-nov-09 13:52:02.280 DEBUG	core	FOUND BEAST "0x2a560220" "Leatherwing Bat" [src\dfinstance.cpp:513] (load_dwarves)
2013-nov-09 13:52:02.283 DEBUG	core	FOUND DWARF "0x2a560d28" "'(?)== EARTH' Athelshash Subilkubuk Led" [src\dfinstance.cpp:500] (load_dwarves)
2013-nov-09 13:52:02.283 DEBUG	core	Ignoring "'??? engi' Lenedbagoz" who appears to be "Dead, Jim." [src\dwarf.cpp:212] (has_invalid_flags)
2013-nov-09 13:52:02.283 DEBUG	core	Ignoring "'??? alche' Assogzeg" who appears to be "Dead, Jim." [src\dwarf.cpp:212] (has_invalid_flags)
2013-nov-09 13:52:02.285 DEBUG	core	FOUND DWARF "0x2a561830" "'$$$' Amidashmon" [src\dfinstance.cpp:500] (load_dwarves)
2013-nov-09 13:52:02.288 DEBUG	core	FOUND DWARF "0x2a562338" "'$$ Glassmaker' Okolsazir" [src\dfinstance.cpp:500] (load_dwarves)
2013-nov-09 13:52:02.290 DEBUG	core	FOUND DWARF "0x2583b888" "'??? fisher' Likotreksas" [src\dfinstance.cpp:500] (load_dwarves)
2013-nov-09 13:52:02.290 DEBUG	core	Ignoring "Fel Usurdatur" who appears to be "Dead, Jim." [src\dwarf.cpp:212] (has_invalid_flags)
2013-nov-09 13:52:02.292 DEBUG	core	FOUND DWARF "0x2a562e40" "'[][][] bookeepe' Ushrirsub" [src\dfinstance.cpp:500] (load_dwarves)
2013-nov-09 13:52:02.293 DEBUG	core	FOUND BEAST "0x2a563948" "Frill Lizard (Kiror Shasadethbesh)" [src\dfinstance.cpp:513] (load_dwarves)
2013-nov-09 13:52:02.294 DEBUG	core	Ignoring "'??? mer MAN' Luslemmugshith" who appears to be "Dead, Jim." [src\dwarf.cpp:212] (has_invalid_flags)
2013-nov-09 13:52:02.297 DEBUG	core	FOUND DWARF "0x2a532e40" "'$$ lumber' Birutvucar" [src\dfinstance.cpp:500] (load_dwarves)
2013-nov-09 13:52:02.297 DEBUG	core	Ignoring "Unknown" who appears to be "Dead, Jim." [src\dwarf.cpp:212] (has_invalid_flags)
2013-nov-09 13:52:02.298 DEBUG	core	FOUND BEAST "0x2a56b2a0" "Bearded Cavernkeet" [src\dfinstance.cpp:513] (load_dwarves)
2013-nov-09 13:52:02.298 DEBUG	core	FOUND BEAST "0x2a56bda8" "Bearded Cavernkeet Hen" [src\dfinstance.cpp:513] (load_dwarves)
2013-nov-09 13:52:02.299 DEBUG	core	FOUND BEAST "0x10fe3b78" "Bearded Cavernkeet Hen" [src\dfinstance.cpp:513] (load_dwarves)
2013-nov-09 13:52:02.300 DEBUG	core	FOUND BEAST "0x10fe4680" "Doe Dewbeetle" [src\dfinstance.cpp:513] (load_dwarves)
2013-nov-09 13:52:02.300 DEBUG	core	Ignoring "Unknown" who appears to be "Dead, Jim." [src\dwarf.cpp:212] (has_invalid_flags)
2013-nov-09 13:52:02.300 DEBUG	core	FOUND BEAST "0x10fe5c90" "Changeling" [src\dfinstance.cpp:513] (load_dwarves)
2013-nov-09 13:52:02.300 DEBUG	core	Ignoring "'XXX' Botathel" who appears to be "Dead, Jim." [src\dwarf.cpp:212] (has_invalid_flags)
2013-nov-09 13:52:02.302 DEBUG	core	FOUND DWARF "0x10fe6798" "'(?)--- FIRE' Anzishkogan" [src\dfinstance.cpp:500] (load_dwarves)
2013-nov-09 13:52:02.303 DEBUG	core	Ignoring "'==' Rigothonul" who appears to be "Dead, Jim." [src\dwarf.cpp:212] (has_invalid_flags)
2013-nov-09 13:52:02.305 DEBUG	core	FOUND DWARF "0x2e49c020" "'Broker' Bimlolok" [src\dfinstance.cpp:500] (load_dwarves)
2013-nov-09 13:52:02.305 DEBUG	core	Ignoring "'$$ Glassmaker' Atolzotir" who appears to be "Dead, Jim." [src\dwarf.cpp:212] (has_invalid_flags)
2013-nov-09 13:52:02.307 DEBUG	core	FOUND DWARF "0x10fe7da8" "'[+] DOC' Lazdegel" [src\dfinstance.cpp:500] (load_dwarves)
2013-nov-09 13:52:02.310 DEBUG	core	FOUND DWARF "0x10fe88b0" "'XXX @' Rovodlunrud" [src\dfinstance.cpp:500] (load_dwarves)
2013-nov-09 13:52:02.312 DEBUG	core	FOUND DWARF "0x10fe93b8" "'$$$ Farm' Dustiktirist" [src\dfinstance.cpp:500] (load_dwarves)
2013-nov-09 13:52:02.312 DEBUG	core	FOUND BEAST "0x10fe9ec0" "Pekyt" [src\dfinstance.cpp:513] (load_dwarves)
2013-nov-09 13:52:02.313 DEBUG	core	FOUND BEAST "0x10fea9c8" "Mastiff (Dastot Vathemnish)" [src\dfinstance.cpp:513] (load_dwarves)
2013-nov-09 13:52:02.313 DEBUG	core	Ignoring "Nalthish Gedorernam" who appears to be "Dead, Jim." [src\dwarf.cpp:212] (has_invalid_flags)
2013-nov-09 13:52:02.313 DEBUG	core	Ignoring "'@ Poppaukko1' Olinozsit" who appears to be "Dead, Jim." [src\dwarf.cpp:212] (has_invalid_flags)
2013-nov-09 13:52:02.319 DEBUG	core	FOUND DWARF "0x10feb4d0" "'$$$ engravers' Monomzim" [src\dfinstance.cpp:500] (load_dwarves)
2013-nov-09 13:52:02.319 DEBUG	core	Ignoring "Sigun Morulinob" who appears to be "Dead, Jim." [src\dwarf.cpp:212] (has_invalid_flags)
2013-nov-09 13:52:02.321 DEBUG	core	FOUND DWARF "0x10febfd8" "'??? COOK' Ritkilrud" [src\dfinstance.cpp:500] (load_dwarves)
2013-nov-09 13:52:02.322 DEBUG	core	Ignoring "Stodir Damol" who appears to be "Dead, Jim." [src\dwarf.cpp:212] (has_invalid_flags)
2013-nov-09 13:52:02.324 DEBUG	core	FOUND DWARF "0x10fecae0" "'??? MANAGER' Odeslened" [src\dfinstance.cpp:500] (load_dwarves)
2013-nov-09 13:52:02.324 DEBUG	core	Ignoring "'@' Ceshfotimsal" who appears to be "Dead, Jim." [src\dwarf.cpp:212] (has_invalid_flags)
2013-nov-09 13:52:02.324 DEBUG	core	Ignoring "Genlath Gecastmothram" who appears to be "Dead, Jim." [src\dwarf.cpp:212] (has_invalid_flags)
2013-nov-09 13:52:02.326 DEBUG	core	FOUND DWARF "0x10fed5e8" "'$$$ AISTERAINA' Nicatablel" [src\dfinstance.cpp:500] (load_dwarves)
2013-nov-09 13:52:02.328 DEBUG	core	FOUND DWARF "0x10fee0f0" "'$$ Machine' Ablelegom" [src\dfinstance.cpp:500] (load_dwarves)
2013-nov-09 13:52:02.328 DEBUG	core	Ignoring "'@' Dishmabgesith" who appears to be "Dead, Jim." [src\dwarf.cpp:212] (has_invalid_flags)
2013-nov-09 13:52:02.329 DEBUG	core	Ignoring "'Psycho' Tokthatlogem" who appears to be "Dead, Jim." [src\dwarf.cpp:212] (has_invalid_flags)
2013-nov-09 13:52:02.331 DEBUG	core	FOUND DWARF "0x10fef700" "'XXX @' Ralukmedtob" [src\dfinstance.cpp:500] (load_dwarves)
2013-nov-09 13:52:02.334 DEBUG	core	FOUND DWARF "0x2a530d28" "'??? craft' Ukoshudil" [src\dfinstance.cpp:500] (load_dwarves)
2013-nov-09 13:52:02.334 DEBUG	core	Ignoring "'== CHRONOMAD' Atir Rerithnoram Aluth" who appears to be "Dead, Jim." [src\dwarf.cpp:212] (has_invalid_flags)
2013-nov-09 13:52:02.335 DEBUG	core	Ignoring "Unknown" who appears to be "Dead, Jim." [src\dwarf.cpp:212] (has_invalid_flags)
2013-nov-09 13:52:02.335 DEBUG	core	Ignoring "Unknown" who appears to be "Dead, Jim." [src\dwarf.cpp:212] (has_invalid_flags)
2013-nov-09 13:52:02.335 DEBUG	core	FOUND BEAST "0x10ff1818" "War Cragtooth Boar" [src\dfinstance.cpp:513] (load_dwarves)
2013-nov-09 13:52:02.336 DEBUG	core	FOUND BEAST "0x10ff2320" "Leatherwing Bat" [src\dfinstance.cpp:513] (load_dwarves)
2013-nov-09 13:52:02.336 DEBUG	core	FOUND BEAST "0x10ff2e28" "Leatherwing Bat" [src\dfinstance.cpp:513] (load_dwarves)
2013-nov-09 13:52:02.336 DEBUG	core	FOUND BEAST "0x10ff3930" "Bearded Cavernkeet" [src\dfinstance.cpp:513] (load_dwarves)
2013-nov-09 13:52:02.337 DEBUG	core	FOUND BEAST "0x10ff4438" "Bearded Cavernkeet" [src\dfinstance.cpp:513] (load_dwarves)
2013-nov-09 13:52:02.337 DEBUG	core	FOUND BEAST "0x10ff4f40" "Bearded Cavernkeet Hen" [src\dfinstance.cpp:513] (load_dwarves)
2013-nov-09 13:52:02.337 DEBUG	core	FOUND BEAST "0x10ff5a48" "Doe Dewbeetle" [src\dfinstance.cpp:513] (load_dwarves)
2013-nov-09 13:52:02.338 DEBUG	core	FOUND BEAST "0x10ff6550" "Stag Dewbeetle" [src\dfinstance.cpp:513] (load_dwarves)
2013-nov-09 13:52:02.338 DEBUG	core	FOUND BEAST "0x10ff9170" "Giant Kestrel" [src\dfinstance.cpp:513] (load_dwarves)
2013-nov-09 13:52:02.341 DEBUG	core	FOUND DWARF "0x10ffa780" "Urir Osorkigok" [src\dfinstance.cpp:500] (load_dwarves)
2013-nov-09 13:52:02.341 DEBUG	core	Ignoring "'@@@' Oltarceshfot" who appears to be "Dead, Jim." [src\dwarf.cpp:212] (has_invalid_flags)
2013-nov-09 13:52:02.343 DEBUG	core	FOUND DWARF "0x10ffbd90" "'??? smith' Rimtartholtig" [src\dfinstance.cpp:500] (load_dwarves)
2013-nov-09 13:52:02.343 DEBUG	core	Ignoring "Lur Eddudamost" who appears to be "Dead, Jim." [src\dwarf.cpp:212] (has_invalid_flags)
2013-nov-09 13:52:02.346 DEBUG	core	FOUND DWARF "0x2ac91dc8" "'==== ThatPlayingDude' Darudlikot Zotireshom Tad" [src\dfinstance.cpp:500] (load_dwarves)
2013-nov-09 13:52:02.348 DEBUG	core	FOUND DWARF "0x10ffc898" "'$$$ Catapults' Kosothzasgim" [src\dfinstance.cpp:500] (load_dwarves)
2013-nov-09 13:52:02.349 DEBUG	core	FOUND BEAST "0x10ffd3a0" "Drake (Mistem Daselod)" [src\dfinstance.cpp:513] (load_dwarves)
2013-nov-09 13:52:02.349 DEBUG	core	Ignoring "'[+] NURSE' Tunisir" who appears to be "Dead, Jim." [src\dwarf.cpp:212] (has_invalid_flags)
2013-nov-09 13:52:02.351 DEBUG	core	FOUND DWARF "0x2ac9a228" "'$$ Glassmaker' Ralkezkig" [src\dfinstance.cpp:500] (load_dwarves)
2013-nov-09 13:52:02.353 DEBUG	core	FOUND DWARF "0x10ffdea8" "'&&& Gunner' Kubukanban" [src\dfinstance.cpp:500] (load_dwarves)
2013-nov-09 13:52:02.355 DEBUG	core	FOUND DWARF "0x2e4a9cc0" "'(-||--) THREE' Medtobzedot" [src\dfinstance.cpp:500] (load_dwarves)
2013-nov-09 13:52:02.356 DEBUG	core	Ignoring "'??? BK / BROKER' Angzak" who appears to be "Dead, Jim." [src\dwarf.cpp:212] (has_invalid_flags)
2013-nov-09 13:52:02.356 DEBUG	core	Ignoring "'<<--<' Udibtad" who appears to be "Dead, Jim." [src\dwarf.cpp:212] (has_invalid_flags)
2013-nov-09 13:52:02.358 DEBUG	core	FOUND DWARF "0x2a572338" "'$$$ Tailor' Dastot" [src\dfinstance.cpp:500] (load_dwarves)
2013-nov-09 13:52:02.358 DEBUG	core	Ignoring "Unknown (Nish Likotlurak)" who appears to be "Dead, Jim." [src\dwarf.cpp:212] (has_invalid_flags)
2013-nov-09 13:52:02.358 DEBUG	core	Ignoring "Imbit Ongosonul" who appears to be "Dead, Jim." [src\dwarf.cpp:212] (has_invalid_flags)
2013-nov-09 13:52:02.360 DEBUG	core	FOUND DWARF "0x2a573948" "'??? [+] DrHOUSE' Deletheral" [src\dfinstance.cpp:500] (load_dwarves)
2013-nov-09 13:52:02.361 DEBUG	core	Ignoring "Unknown" who appears to be "Dead, Jim." [src\dwarf.cpp:212] (has_invalid_flags)
2013-nov-09 13:52:02.361 DEBUG	core	Ignoring "'$$$ Bonecarver' Cattentimnar" who appears to be "Dead, Jim." [src\dwarf.cpp:212] (has_invalid_flags)
2013-nov-09 13:52:02.363 DEBUG	core	FOUND DWARF "0x2e49f748" "Mistem Munsogshadmal" [src\dfinstance.cpp:500] (load_dwarves)
2013-nov-09 13:52:02.363 DEBUG	core	Ignoring "'$$ lumber' Itsasdatan" who appears to be "Dead, Jim." [src\dwarf.cpp:212] (has_invalid_flags)
2013-nov-09 13:52:02.363 DEBUG	core	Ignoring "Unknown (Shasad Dodokshasad)" who appears to be "Dead, Jim." [src\dwarf.cpp:212] (has_invalid_flags)
2013-nov-09 13:52:02.364 DEBUG	core	FOUND BEAST "0x2a576568" "Changeling" [src\dfinstance.cpp:513] (load_dwarves)
2013-nov-09 13:52:02.364 DEBUG	core	FOUND BEAST "0x2a577070" "Moleweasel" [src\dfinstance.cpp:513] (load_dwarves)
2013-nov-09 13:52:02.364 DEBUG	core	Ignoring "Unknown" who appears to be "Dead, Jim." [src\dwarf.cpp:212] (has_invalid_flags)
2013-nov-09 13:52:02.365 DEBUG	core	Ignoring "Unknown" who appears to be "Dead, Jim." [src\dwarf.cpp:212] (has_invalid_flags)
2013-nov-09 13:52:02.365 DEBUG	core	Ignoring "Zagith Amkinzulban" who appears to be "a merchant" [src\dwarf.cpp:212] (has_invalid_flags)
2013-nov-09 13:52:02.365 DEBUG	core	Ignoring "Unknown" who appears to be "a merchant" [src\dwarf.cpp:212] (has_invalid_flags)
2013-nov-09 13:52:02.365 DEBUG	core	Ignoring "Udib Usithzevut" who appears to be "a merchant" [src\dwarf.cpp:212] (has_invalid_flags)
2013-nov-09 13:52:02.365 DEBUG	core	Ignoring "Unknown" who appears to be "a merchant" [src\dwarf.cpp:212] (has_invalid_flags)
2013-nov-09 13:52:02.366 DEBUG	core	Ignoring "Ingtak Mozibrozsed" who appears to be "Dead, Jim." [src\dwarf.cpp:212] (has_invalid_flags)
2013-nov-09 13:52:02.366 DEBUG	core	Ignoring "Rozsed Ezumkalal" who appears to be "a merchant" [src\dwarf.cpp:212] (has_invalid_flags)
2013-nov-09 13:52:02.366 DEBUG	core	FOUND BEAST "0x2a581830" "Web Turret" [src\dfinstance.cpp:513] (load_dwarves)
2013-nov-09 13:52:02.367 DEBUG	core	Ignoring "Unknown" who appears to be "Dead, Jim." [src\dwarf.cpp:212] (has_invalid_flags)
2013-nov-09 13:52:02.367 DEBUG	core	FOUND BEAST "0x2a582e40" "Web Turret" [src\dfinstance.cpp:513] (load_dwarves)
2013-nov-09 13:52:02.367 DEBUG	core	FOUND BEAST "0x2a583948" "Web Turret" [src\dfinstance.cpp:513] (load_dwarves)
2013-nov-09 13:52:02.369 DEBUG	core	FOUND BEAST "0x2a5ad600" "Leatherwing Bat" [src\dfinstance.cpp:513] (load_dwarves)
2013-nov-09 13:52:02.369 DEBUG	core	FOUND BEAST "0x2a5aec10" "War Mastiff (Thinayomi)" [src\dfinstance.cpp:513] (load_dwarves)
2013-nov-09 13:52:02.369 DEBUG	core	Ignoring "Gosmer Thimshurkol" who appears to be "Dead, Jim." [src\dwarf.cpp:212] (has_invalid_flags)
2013-nov-09 13:52:02.371 DEBUG	core	FOUND DWARF "0x2a5b4f58" "Zon Keshanan" [src\dfinstance.cpp:500] (load_dwarves)
2013-nov-09 13:52:02.371 DEBUG	core	Ignoring "Litast Shungmagsibrek" who appears to be "Dead, Jim." [src\dwarf.cpp:212] (has_invalid_flags)
2013-nov-09 13:52:02.374 DEBUG	core	FOUND DWARF "0x2a5b6568" "'???M=  mason' Girustgesith" [src\dfinstance.cpp:500] (load_dwarves)
2013-nov-09 13:52:02.374 DEBUG	core	Ignoring "Unknown" who appears to be "Dead, Jim." [src\dwarf.cpp:212] (has_invalid_flags)
2013-nov-09 13:52:02.374 DEBUG	core	Ignoring "Unknown (Susla)" who appears to be "an invader or hostile" [src\dwarf.cpp:212] (has_invalid_flags)
2013-nov-09 13:52:02.374 DEBUG	core	Ignoring "Unknown" who appears to be "Dead, Jim." [src\dwarf.cpp:212] (has_invalid_flags)
2013-nov-09 13:52:02.375 DEBUG	core	FOUND BEAST "0x2a5c4450" "Leatherwing Bat" [src\dfinstance.cpp:513] (load_dwarves)
2013-nov-09 13:52:02.375 DEBUG	core	FOUND BEAST "0x2a5c4f58" "War Cragtooth Boar" [src\dfinstance.cpp:513] (load_dwarves)
2013-nov-09 13:52:02.375 DEBUG	core	Ignoring "'(?)-- WaterBeas' Shasadaroth" who appears to be "Dead, Jim." [src\dwarf.cpp:212] (has_invalid_flags)
2013-nov-09 13:52:02.377 DEBUG	core	FOUND DWARF "0x2a534450" "'$$ Glassmaker' Istamtezad" [src\dfinstance.cpp:500] (load_dwarves)
2013-nov-09 13:52:02.380 DEBUG	core	FOUND DWARF "0x2a533948" "'??? alche' Eshtanosdin" [src\dfinstance.cpp:500] (load_dwarves)
2013-nov-09 13:52:02.380 DEBUG	core	Ignoring "'<<--<' Tongus" who appears to be "Dead, Jim." [src\dwarf.cpp:212] (has_invalid_flags)
2013-nov-09 13:52:02.383 DEBUG	core	FOUND DWARF "0x2a5c7070" "'=' Olinnethgon" [src\dfinstance.cpp:500] (load_dwarves)
2013-nov-09 13:52:02.383 DEBUG	core	FOUND BEAST "0x2a5c7b78" "Boozebelly Goat (Limul Nalthishebgok)" [src\dfinstance.cpp:513] (load_dwarves)
2013-nov-09 13:52:02.384 DEBUG	core	FOUND BEAST "0x2a5c8680" "Mastiff (Ustuth Sezukfenglel)" [src\dfinstance.cpp:513] (load_dwarves)
2013-nov-09 13:52:02.384 DEBUG	core	Ignoring "'(?)-- Poppauko1' Babinadil" who appears to be "Dead, Jim." [src\dwarf.cpp:212] (has_invalid_flags)
2013-nov-09 13:52:02.385 DEBUG	core	FOUND BEAST "0x2a5c9188" "Dwarf Saying A Public Prayer ('%%% SPEAKER' Innoktekkud)" [src\dfinstance.cpp:513] (load_dwarves)
2013-nov-09 13:52:02.387 DEBUG	core	FOUND DWARF "0x2a5c9c90" "'$$ Machine' Ralkolad" [src\dfinstance.cpp:500] (load_dwarves)
2013-nov-09 13:52:02.389 DEBUG	core	FOUND DWARF "0x2e4a2e70" "'$$$ BREWER' Berimkin" [src\dfinstance.cpp:500] (load_dwarves)
2013-nov-09 13:52:02.392 DEBUG	core	FOUND DWARF "0x2e4a1860" "'??? carp' Emtanlist" [src\dfinstance.cpp:500] (load_dwarves)
2013-nov-09 13:52:02.393 DEBUG	core	FOUND DWARF "0x2a5ca798" "'$$$ Herbalist' Oslanmuthir" [src\dfinstance.cpp:500] (load_dwarves)
2013-nov-09 13:52:02.397 DEBUG	core	FOUND DWARF "0x2a5cb2a0" "'==' Doshetagez" [src\dfinstance.cpp:500] (load_dwarves)
2013-nov-09 13:52:02.397 DEBUG	core	Ignoring "Unknown (Shedim Ustos)" who appears to be "Dead, Jim." [src\dwarf.cpp:212] (has_invalid_flags)
2013-nov-09 13:52:02.399 DEBUG	core	FOUND DWARF "0x2583a278" "'=%%%%%%%%' Subeterib" [src\dfinstance.cpp:500] (load_dwarves)
2013-nov-09 13:52:02.401 DEBUG	core	FOUND DWARF "0x2a5ccaf8" "'??? alche' Rozsedngesgas" [src\dfinstance.cpp:500] (load_dwarves)
2013-nov-09 13:52:02.401 DEBUG	core	Ignoring "'XXX @' Berathgenlath" who appears to be "Dead, Jim." [src\dwarf.cpp:212] (has_invalid_flags)
2013-nov-09 13:52:02.404 DEBUG	core	FOUND DWARF "0x2ac9b838" "'<<--<' Nilgintath" [src\dfinstance.cpp:500] (load_dwarves)
2013-nov-09 13:52:02.406 DEBUG	core	FOUND DWARF "0x2a5cd600" "'[+] NURSE' Iludsulus" [src\dfinstance.cpp:500] (load_dwarves)
2013-nov-09 13:52:02.408 DEBUG	core	FOUND DWARF "0x2a5ce108" "'??? craf' Elcuresesh" [src\dfinstance.cpp:500] (load_dwarves)
2013-nov-09 13:52:02.409 DEBUG	core	Ignoring "'$$ Machine' Merrang" who appears to be "Dead, Jim." [src\dwarf.cpp:212] (has_invalid_flags)
2013-nov-09 13:52:02.414 DEBUG	core	FOUND DWARF "0x2e4a6598" "'??? merchant' Botdodok" [src\dfinstance.cpp:500] (load_dwarves)
2013-nov-09 13:52:02.414 DEBUG	core	Ignoring "Tekkud Bothonkunon" who appears to be "Dead, Jim." [src\dwarf.cpp:212] (has_invalid_flags)
2013-nov-09 13:52:02.416 DEBUG	core	FOUND DWARF "0x2ac933d8" "'$$$ Glassmaker' Kadolnosing" [src\dfinstance.cpp:500] (load_dwarves)
2013-nov-09 13:52:02.416 DEBUG	core	Ignoring "Emtan Inrusarzes" who appears to be "a ghost" [src\dwarf.cpp:212] (has_invalid_flags)
2013-nov-09 13:52:02.418 DEBUG	core	FOUND DWARF "0x2a5cf718" "'??? engi' Kibsid" [src\dfinstance.cpp:500] (load_dwarves)
2013-nov-09 13:52:02.418 DEBUG	core	Ignoring "Zaneg Enkostholtig" who appears to be "Dead, Jim." [src\dwarf.cpp:212] (has_invalid_flags)
2013-nov-09 13:52:02.419 DEBUG	core	Ignoring "'(?)-- Poppaukko' Igest" who appears to be "Dead, Jim." [src\dwarf.cpp:212] (has_invalid_flags)
2013-nov-09 13:52:02.419 DEBUG	core	FOUND BEAST "0x2a5d0220" "Bearded Cavernkeet" [src\dfinstance.cpp:513] (load_dwarves)
2013-nov-09 13:52:02.419 DEBUG	core	FOUND BEAST "0x2a5d0d28" "Bearded Cavernkeet Hen" [src\dfinstance.cpp:513] (load_dwarves)
2013-nov-09 13:52:02.420 DEBUG	core	FOUND BEAST "0x2a5d3948" "Doe Dewbeetle" [src\dfinstance.cpp:513] (load_dwarves)
2013-nov-09 13:52:02.420 DEBUG	core	FOUND BEAST "0x2a5d4450" "Bearded Cavernkeet Hen" [src\dfinstance.cpp:513] (load_dwarves)
2013-nov-09 13:52:02.422 DEBUG	core	FOUND DWARF "0x2a5d4f58" "'=' Gerigkugik" [src\dfinstance.cpp:500] (load_dwarves)
2013-nov-09 13:52:02.422 DEBUG	core	Ignoring "Unknown" who appears to be "Dead, Jim." [src\dwarf.cpp:212] (has_invalid_flags)
2013-nov-09 13:52:02.423 DEBUG	core	Ignoring "Unknown" who appears to be "Dead, Jim." [src\dwarf.cpp:212] (has_invalid_flags)
2013-nov-09 13:52:02.423 DEBUG	core	Ignoring "Unknown" who appears to be "Dead, Jim." [src\dwarf.cpp:212] (has_invalid_flags)
2013-nov-09 13:52:02.423 DEBUG	core	Ignoring "Unknown" who appears to be "Dead, Jim." [src\dwarf.cpp:212] (has_invalid_flags)
2013-nov-09 13:52:02.423 DEBUG	core	Ignoring "Suthmam Omsazir" who appears to be "Dead, Jim." [src\dwarf.cpp:212] (has_invalid_flags)
2013-nov-09 13:52:02.424 DEBUG	core	FOUND BEAST "0x2e240460" "Giant Desert Scorpion" [src\dfinstance.cpp:513] (load_dwarves)
2013-nov-09 13:52:02.425 DEBUG	core	FOUND BEAST "0x2e241a70" "Giant Kestrel" [src\dfinstance.cpp:513] (load_dwarves)
2013-nov-09 13:52:02.425 DEBUG	core	Ignoring "Unknown" who appears to be "Dead, Jim." [src\dwarf.cpp:212] (has_invalid_flags)
2013-nov-09 13:52:02.425 DEBUG	core	FOUND BEAST "0x2e245198" "Giant Kestrel" [src\dfinstance.cpp:513] (load_dwarves)
2013-nov-09 13:52:02.425 DEBUG	core	FOUND BEAST "0x2e2467a8" "Giant Kestrel" [src\dfinstance.cpp:513] (load_dwarves)
2013-nov-09 13:52:02.426 DEBUG	core	FOUND BEAST "0x2e2488c0" "Giant Desert Scorpion" [src\dfinstance.cpp:513] (load_dwarves)
2013-nov-09 13:52:02.426 DEBUG	core	FOUND BEAST "0x2e24a9d8" "Giant Kestrel" [src\dfinstance.cpp:513] (load_dwarves)
2013-nov-09 13:52:02.428 DEBUG	core	FOUND DWARF "0x2e24caf0" "'=' Sharsidrith" [src\dfinstance.cpp:500] (load_dwarves)
2013-nov-09 13:52:02.429 DEBUG	core	FOUND BEAST "0x2e24d5f8" "Changeling" [src\dfinstance.cpp:513] (load_dwarves)
2013-nov-09 13:52:02.429 DEBUG	core	Ignoring "Unknown" who appears to be "Dead, Jim." [src\dwarf.cpp:212] (has_invalid_flags)
2013-nov-09 13:52:02.429 DEBUG	core	Ignoring "Unknown" who appears to be "Dead, Jim." [src\dwarf.cpp:212] (has_invalid_flags)
2013-nov-09 13:52:02.429 DEBUG	core	Ignoring "Unknown" who appears to be "Dead, Jim." [src\dwarf.cpp:212] (has_invalid_flags)
2013-nov-09 13:52:02.429 DEBUG	core	Ignoring "Unknown" who appears to be "Dead, Jim." [src\dwarf.cpp:212] (has_invalid_flags)
2013-nov-09 13:52:02.430 DEBUG	core	Ignoring "Unknown" who appears to be "Dead, Jim." [src\dwarf.cpp:212] (has_invalid_flags)
2013-nov-09 13:52:02.430 DEBUG	core	Ignoring "Unknown" who appears to be "Dead, Jim." [src\dwarf.cpp:212] (has_invalid_flags)
2013-nov-09 13:52:02.430 DEBUG	core	Ignoring "'M=' Berimbalad" who appears to be "Dead, Jim." [src\dwarf.cpp:212] (has_invalid_flags)
2013-nov-09 13:52:02.432 DEBUG	core	FOUND DWARF "0x2e255a58" "'%%% BARD' Kastartezad" [src\dfinstance.cpp:500] (load_dwarves)
2013-nov-09 13:52:02.435 DEBUG	core	FOUND DWARF "0x2ac928d0" "'$$ Glassmaker' Thebilitur" [src\dfinstance.cpp:500] (load_dwarves)
2013-nov-09 13:52:02.437 DEBUG	core	FOUND DWARF "0x2ac954f0" "'(?)== EARTH' Shomadlal" [src\dfinstance.cpp:500] (load_dwarves)
2013-nov-09 13:52:02.437 DEBUG	core	Ignoring "'====' Banikkez" who appears to be "Dead, Jim." [src\dwarf.cpp:212] (has_invalid_flags)
2013-nov-09 13:52:02.439 DEBUG	core	FOUND DWARF "0x2e257068" "'M=' Lelumkumil" [src\dfinstance.cpp:500] (load_dwarves)
2013-nov-09 13:52:02.440 DEBUG	core	FOUND DWARF "0x2e257b70" "'??? fisher' Shusugokbod" [src\dfinstance.cpp:500] (load_dwarves)
2013-nov-09 13:52:02.441 DEBUG	core	Ignoring "Erush Assoggovos" who appears to be "a merchant" [src\dwarf.cpp:212] (has_invalid_flags)
2013-nov-09 13:52:02.443 DEBUG	core	FOUND DWARF "0x2e258678" "'$$$ emgraver' Raleges" [src\dfinstance.cpp:500] (load_dwarves)
2013-nov-09 13:52:02.445 DEBUG	core	FOUND DWARF "0x2a52d600" "'??? beast' Urmim" [src\dfinstance.cpp:500] (load_dwarves)
2013-nov-09 13:52:02.447 DEBUG	core	FOUND DWARF "0x2a52e108" "'[+] NURSE' Sutonshoshin" [src\dfinstance.cpp:500] (load_dwarves)
2013-nov-09 13:52:02.447 DEBUG	core	Ignoring "Unknown" who appears to be "Dead, Jim." [src\dwarf.cpp:212] (has_invalid_flags)
2013-nov-09 13:52:02.447 DEBUG	core	Ignoring "Unknown" who appears to be "Dead, Jim." [src\dwarf.cpp:212] (has_invalid_flags)
2013-nov-09 13:52:02.448 DEBUG	core	Ignoring "Unknown (Lapip)" who appears to be "marauder" [src\dwarf.cpp:212] (has_invalid_flags)
2013-nov-09 13:52:02.448 DEBUG	core	Ignoring "'??? mason' Lokastosed" who appears to be "Dead, Jim." [src\dwarf.cpp:212] (has_invalid_flags)
2013-nov-09 13:52:02.448 DEBUG	core	Ignoring "'??? mason' Rirdugan" who appears to be "Dead, Jim." [src\dwarf.cpp:212] (has_invalid_flags)
2013-nov-09 13:52:02.450 DEBUG	core	FOUND DWARF "0x2ac8fcb0" "'(-|---) TWO' Kurelkugik" [src\dfinstance.cpp:500] (load_dwarves)
2013-nov-09 13:52:02.450 DEBUG	core	Ignoring "Risen Immastoddom" who appears to be "Dead, Jim." [src\dwarf.cpp:212] (has_invalid_flags)
2013-nov-09 13:52:02.452 DEBUG	core	FOUND DWARF "0x2a5f1830" "'??? Smith' Tabarceshfot" [src\dfinstance.cpp:500] (load_dwarves)
2013-nov-09 13:52:02.453 DEBUG	core	Ignoring "Minkot Lokum" who appears to be "Dead, Jim." [src\dwarf.cpp:212] (has_invalid_flags)
2013-nov-09 13:52:02.453 DEBUG	core	Ignoring "Abshoth Imushzar" who appears to be "Dead, Jim." [src\dwarf.cpp:212] (has_invalid_flags)
2013-nov-09 13:52:02.455 DEBUG	core	FOUND DWARF "0x1f959ba8" "'??? Smith' Thimshurkigok" [src\dfinstance.cpp:500] (load_dwarves)
2013-nov-09 13:52:02.455 DEBUG	core	Ignoring "Cerol Alatheshtan" who appears to be "Dead, Jim." [src\dwarf.cpp:212] (has_invalid_flags)
2013-nov-09 13:52:02.456 DEBUG	core	FOUND BEAST "0x2a5f5a60" "War Cragtooth Boar" [src\dfinstance.cpp:513] (load_dwarves)
2013-nov-09 13:52:02.456 DEBUG	core	Ignoring "Unknown" who appears to be "Dead, Jim." [src\dwarf.cpp:212] (has_invalid_flags)
2013-nov-09 13:52:02.456 DEBUG	core	Ignoring "Unknown" who appears to be "Dead, Jim." [src\dwarf.cpp:212] (has_invalid_flags)
2013-nov-09 13:52:02.456 DEBUG	core	Ignoring "Unknown" who appears to be "Dead, Jim." [src\dwarf.cpp:212] (has_invalid_flags)
2013-nov-09 13:52:02.456 DEBUG	core	Ignoring "Unknown" who appears to be "Dead, Jim." [src\dwarf.cpp:212] (has_invalid_flags)
2013-nov-09 13:52:02.456 DEBUG	core	Ignoring "Uvash Ducimgamlat" who appears to be "outpost liason or diplomat" [src\dwarf.cpp:212] (has_invalid_flags)
2013-nov-09 13:52:02.457 DEBUG	core	Ignoring "Unknown" who appears to be "Dead, Jim." [src\dwarf.cpp:212] (has_invalid_flags)
2013-nov-09 13:52:02.457 DEBUG	core	Ignoring "Unknown" who appears to be "Dead, Jim." [src\dwarf.cpp:212] (has_invalid_flags)
2013-nov-09 13:52:02.457 DEBUG	core	FOUND BEAST "0x2a5fe9c8" "Leatherwing Bat" [src\dfinstance.cpp:513] (load_dwarves)
2013-nov-09 13:52:02.458 DEBUG	core	FOUND BEAST "0x2a5ff4d0" "Leatherwing Bat" [src\dfinstance.cpp:513] (load_dwarves)
2013-nov-09 13:52:02.458 DEBUG	core	FOUND BEAST "0x2a5fffd8" "Leatherwing Bat" [src\dfinstance.cpp:513] (load_dwarves)
2013-nov-09 13:52:02.458 DEBUG	core	Ignoring "Unknown" who appears to be "Dead, Jim." [src\dwarf.cpp:212] (has_invalid_flags)
2013-nov-09 13:52:02.458 DEBUG	core	Ignoring "Unknown" who appears to be "Dead, Jim." [src\dwarf.cpp:212] (has_invalid_flags)
2013-nov-09 13:52:02.459 DEBUG	core	Ignoring "Unknown" who appears to be "Dead, Jim." [src\dwarf.cpp:212] (has_invalid_flags)
2013-nov-09 13:52:02.459 DEBUG	core	FOUND BEAST "0x2a605818" "Giant Kestrel" [src\dfinstance.cpp:513] (load_dwarves)
2013-nov-09 13:52:02.459 DEBUG	core	FOUND BEAST "0x2a606320" "Giant Kestrel" [src\dfinstance.cpp:513] (load_dwarves)
2013-nov-09 13:52:02.460 DEBUG	core	FOUND BEAST "0x2a606e28" "Giant Kestrel" [src\dfinstance.cpp:513] (load_dwarves)
2013-nov-09 13:52:02.460 DEBUG	core	Ignoring "Unknown" who appears to be "Dead, Jim." [src\dwarf.cpp:212] (has_invalid_flags)
2013-nov-09 13:52:02.460 DEBUG	core	Ignoring "Unknown" who appears to be "Dead, Jim." [src\dwarf.cpp:212] (has_invalid_flags)
2013-nov-09 13:52:02.460 DEBUG	core	FOUND BEAST "0x2a608f40" "Giant Kestrel" [src\dfinstance.cpp:513] (load_dwarves)
2013-nov-09 13:52:02.461 DEBUG	core	FOUND BEAST "0x2a609a48" "Giant Kestrel" [src\dfinstance.cpp:513] (load_dwarves)
2013-nov-09 13:52:02.461 DEBUG	core	FOUND BEAST "0x2a60a550" "Giant Kestrel" [src\dfinstance.cpp:513] (load_dwarves)
2013-nov-09 13:52:02.462 DEBUG	core	FOUND BEAST "0x2a60b058" "Giant Kestrel" [src\dfinstance.cpp:513] (load_dwarves)
2013-nov-09 13:52:02.462 DEBUG	core	FOUND BEAST "0x2a60bb60" "Changeling" [src\dfinstance.cpp:513] (load_dwarves)
2013-nov-09 13:52:02.462 DEBUG	core	FOUND BEAST "0x2a60caf8" "Leatherwing Bat" [src\dfinstance.cpp:513] (load_dwarves)
2013-nov-09 13:52:02.464 DEBUG	core	FOUND DWARF "0x2a60d600" "'??? smith' Keskalgedor" [src\dfinstance.cpp:500] (load_dwarves)
2013-nov-09 13:52:02.464 DEBUG	core	Ignoring "Sakzul Ushrironul" who appears to be "Dead, Jim." [src\dwarf.cpp:212] (has_invalid_flags)
2013-nov-09 13:52:02.465 DEBUG	core	FOUND BEAST "0x2a613948" "Bearded Cavernkeet" [src\dfinstance.cpp:513] (load_dwarves)
2013-nov-09 13:52:02.465 DEBUG	core	FOUND BEAST "0x2a614450" "Bearded Cavernkeet Hen" [src\dfinstance.cpp:513] (load_dwarves)
2013-nov-09 13:52:02.466 DEBUG	core	FOUND BEAST "0x2a614f58" "Bearded Cavernkeet" [src\dfinstance.cpp:513] (load_dwarves)
2013-nov-09 13:52:02.466 DEBUG	core	FOUND BEAST "0x2a615a60" "Bearded Cavernkeet" [src\dfinstance.cpp:513] (load_dwarves)
2013-nov-09 13:52:02.466 DEBUG	core	FOUND BEAST "0x2a616568" "Bearded Cavernkeet Hen" [src\dfinstance.cpp:513] (load_dwarves)
2013-nov-09 13:52:02.467 DEBUG	core	FOUND BEAST "0x2a617070" "Bearded Cavernkeet" [src\dfinstance.cpp:513] (load_dwarves)
2013-nov-09 13:52:02.467 DEBUG	core	FOUND BEAST "0x2a617b78" "Bearded Cavernkeet Hen" [src\dfinstance.cpp:513] (load_dwarves)
2013-nov-09 13:52:02.467 DEBUG	core	FOUND BEAST "0x2a618680" "Bearded Cavernkeet" [src\dfinstance.cpp:513] (load_dwarves)
2013-nov-09 13:52:02.468 DEBUG	core	FOUND BEAST "0x2a619188" "Bearded Cavernkeet Hen" [src\dfinstance.cpp:513] (load_dwarves)
2013-nov-09 13:52:02.468 DEBUG	core	FOUND BEAST "0x2a619c90" "Pekyt" [src\dfinstance.cpp:513] (load_dwarves)
2013-nov-09 13:52:02.469 DEBUG	core	FOUND BEAST "0x2a61a798" "Pekyt" [src\dfinstance.cpp:513] (load_dwarves)
2013-nov-09 13:52:02.470 DEBUG	core	FOUND BEAST "0x2a61b2a0" "Pekyt" [src\dfinstance.cpp:513] (load_dwarves)
2013-nov-09 13:52:02.470 DEBUG	core	Ignoring "Mothram Reksasogik" who appears to be "Dead, Jim." [src\dwarf.cpp:212] (has_invalid_flags)
2013-nov-09 13:52:02.470 DEBUG	core	Ignoring "Cuggan Girustthikut" who appears to be "Dead, Jim." [src\dwarf.cpp:212] (has_invalid_flags)
2013-nov-09 13:52:02.470 DEBUG	core	FOUND BEAST "0x2a61e9c8" "Leatherwing Bat" [src\dfinstance.cpp:513] (load_dwarves)
2013-nov-09 13:52:02.471 DEBUG	core	FOUND BEAST "0x2a61f4d0" "Leatherwing Bat" [src\dfinstance.cpp:513] (load_dwarves)
2013-nov-09 13:52:02.471 DEBUG	core	FOUND BEAST "0x2a61ffd8" "Leatherwing Bat" [src\dfinstance.cpp:513] (load_dwarves)
2013-nov-09 13:52:02.471 DEBUG	core	FOUND BEAST "0x2a620ae0" "War Mastiff" [src\dfinstance.cpp:513] (load_dwarves)
2013-nov-09 13:52:02.473 DEBUG	core	FOUND DWARF "0x2a624208" "Rimtar Fathidos" [src\dfinstance.cpp:500] (load_dwarves)
2013-nov-09 13:52:02.474 DEBUG	core	FOUND BEAST "0x2a624d10" "Mountain Tuskox" [src\dfinstance.cpp:513] (load_dwarves)
2013-nov-09 13:52:02.474 DEBUG	core	Ignoring "Unknown" who appears to be "Dead, Jim." [src\dwarf.cpp:212] (has_invalid_flags)
2013-nov-09 13:52:02.476 DEBUG	core	FOUND DWARF "0x1f9590a0" "'&&& Gunner' Nobgostdamol" [src\dfinstance.cpp:500] (load_dwarves)
2013-nov-09 13:52:02.478 DEBUG	core	FOUND DWARF "0x25838c68" "Ceshfot Risidzust" [src\dfinstance.cpp:500] (load_dwarves)
2013-nov-09 13:52:02.480 DEBUG	core	FOUND DWARF "0x2a626320" "'??? alche' Shurratfikod" [src\dfinstance.cpp:500] (load_dwarves)
2013-nov-09 13:52:02.482 DEBUG	core	FOUND DWARF "0x2a626e28" "'%%% WarREPORTER' Necakaskak" [src\dfinstance.cpp:500] (load_dwarves)
2013-nov-09 13:52:02.483 DEBUG	core	FOUND BEAST "0x2a627930" "Ironclad Badgerdog (Zevut Ngathseshlor)" [src\dfinstance.cpp:513] (load_dwarves)
2013-nov-09 13:52:02.484 DEBUG	core	FOUND BEAST "0x2a628438" "Female Boulder Crab" [src\dfinstance.cpp:513] (load_dwarves)
2013-nov-09 13:52:02.484 DEBUG	core	Ignoring "Domas Emadshasad" who appears to be "Dead, Jim." [src\dwarf.cpp:212] (has_invalid_flags)
2013-nov-09 13:52:02.484 DEBUG	core	Ignoring "'??? craft' Agekadil" who appears to be "Dead, Jim." [src\dwarf.cpp:212] (has_invalid_flags)
2013-nov-09 13:52:02.486 DEBUG	core	FOUND DWARF "0x2a628f40" "Tekkud Bomrekzaneg" [src\dfinstance.cpp:500] (load_dwarves)
2013-nov-09 13:52:02.488 DEBUG	core	FOUND DWARF "0x2a629a48" "Shorastgoshist" [src\dfinstance.cpp:500] (load_dwarves)
2013-nov-09 13:52:02.490 DEBUG	core	FOUND DWARF "0x2ac95ff8" "'(-|---) FOUR' Vildangzalud" [src\dfinstance.cpp:500] (load_dwarves)
2013-nov-09 13:52:02.492 DEBUG	core	FOUND DWARF "0x2ac97608" "'M=' Gulgunzamnuth" [src\dfinstance.cpp:500] (load_dwarves)
2013-nov-09 13:52:02.494 DEBUG	core	FOUND DWARF "0x2a62a550" "'&&& Gunner' Aslitast" [src\dfinstance.cpp:500] (load_dwarves)
2013-nov-09 13:52:02.498 DEBUG	core	FOUND DWARF "0x2a62b058" "'=' Koladthemnol" [src\dfinstance.cpp:500] (load_dwarves)
2013-nov-09 13:52:02.498 DEBUG	core	Ignoring "Unknown (Limul Godenid)" who appears to be "Dead, Jim." [src\dwarf.cpp:212] (has_invalid_flags)
2013-nov-09 13:52:02.498 DEBUG	core	Ignoring "Unknown (Askak Asmelabod)" who appears to be "Dead, Jim." [src\dwarf.cpp:212] (has_invalid_flags)
2013-nov-09 13:52:02.500 DEBUG	core	FOUND DWARF "0x2e49cb28" "'M=' Mimkotlunrud" [src\dfinstance.cpp:500] (load_dwarves)
2013-nov-09 13:52:02.502 DEBUG	core	FOUND DWARF "0x2e49e138" "'==== TTEKE' Tholtiggasis" [src\dfinstance.cpp:500] (load_dwarves)
2013-nov-09 13:52:02.502 DEBUG	core	Ignoring "Avuz Rem" who appears to be "Dead, Jim." [src\dwarf.cpp:212] (has_invalid_flags)
2013-nov-09 13:52:02.504 DEBUG	core	FOUND DWARF "0x1f954e70" "'M=' Banikniles" [src\dfinstance.cpp:500] (load_dwarves)
2013-nov-09 13:52:02.506 DEBUG	core	FOUND DWARF "0x1f955978" "'(?)-- PuddingKuchen' Kisatobok" [src\dfinstance.cpp:500] (load_dwarves)
2013-nov-09 13:52:02.507 DEBUG	core	Ignoring "'@' Tilatnobgost" who appears to be "Dead, Jim." [src\dwarf.cpp:212] (has_invalid_flags)
2013-nov-09 13:52:02.510 DEBUG	core	FOUND DWARF "0x2583d9a0" "'=%%%%%%%%' Shedimezost" [src\dfinstance.cpp:500] (load_dwarves)
2013-nov-09 13:52:02.512 DEBUG	core	FOUND DWARF "0x25839770" "Bot Tezadongos" [src\dfinstance.cpp:500] (load_dwarves)
2013-nov-09 13:52:02.512 DEBUG	core	Ignoring "'=' Besmardogik" who appears to be "Dead, Jim." [src\dwarf.cpp:212] (has_invalid_flags)
2013-nov-09 13:52:02.512 DEBUG	core	Ignoring "Unknown (Zan Udibsharsid)" who appears to be "Dead, Jim." [src\dwarf.cpp:212] (has_invalid_flags)
2013-nov-09 13:52:02.512 DEBUG	core	Ignoring "Unknown" who appears to be "Dead, Jim." [src\dwarf.cpp:212] (has_invalid_flags)
2013-nov-09 13:52:02.514 DEBUG	core	FOUND DWARF "0x2ac907b8" "'(-|---) ONE' Datladkadol" [src\dfinstance.cpp:500] (load_dwarves)
2013-nov-09 13:52:02.514 DEBUG	core	Ignoring "Kadol Vildanginrus" who appears to be "Dead, Jim." [src\dwarf.cpp:212] (has_invalid_flags)
2013-nov-09 13:52:02.517 DEBUG	core	FOUND DWARF "0x25ab8290" "Eddaz Kobginet" [src\dfinstance.cpp:500] (load_dwarves)
2013-nov-09 13:52:02.517 DEBUG	core	Ignoring "Unknown (Rigoth Ozurgulgun)" who appears to be "Dead, Jim." [src\dwarf.cpp:212] (has_invalid_flags)
2013-nov-09 13:52:02.517 DEBUG	core	Ignoring "Unknown (Iteb Rigothtokthat)" who appears to be "Dead, Jim." [src\dwarf.cpp:212] (has_invalid_flags)
2013-nov-09 13:52:02.517 DEBUG	core	Ignoring "Gosmer Gastid" who appears to be "Dead, Jim." [src\dwarf.cpp:212] (has_invalid_flags)
2013-nov-09 13:52:02.517 DEBUG	core	Ignoring "Tirist Becorzalstom" who appears to be "Dead, Jim." [src\dwarf.cpp:212] (has_invalid_flags)
2013-nov-09 13:52:02.519 DEBUG	core	FOUND DWARF "0x25abf0e0" "'(-||--) SIX' Urustuth" [src\dfinstance.cpp:500] (load_dwarves)
2013-nov-09 13:52:02.520 DEBUG	core	FOUND BEAST "0x25ac1d00" "Guardian Of Armok (The Destroyer Sogulmaga)" [src\dfinstance.cpp:513] (load_dwarves)
2013-nov-09 13:52:02.521 DEBUG	core	FOUND BEAST "0x25ac2808" "War Cragtooth Boar" [src\dfinstance.cpp:513] (load_dwarves)
2013-nov-09 13:52:02.521 DEBUG	core	FOUND BEAST "0x25ac5428" "Giant Beetle" [src\dfinstance.cpp:513] (load_dwarves)
2013-nov-09 13:52:02.522 DEBUG	core	FOUND BEAST "0x25ac5f30" "Guardian Of Armok (The Destroyer Kushetduqueh)" [src\dfinstance.cpp:513] (load_dwarves)
2013-nov-09 13:52:02.522 DEBUG	core	FOUND BEAST "0x25ac8b50" "Leatherwing Bat" [src\dfinstance.cpp:513] (load_dwarves)
2013-nov-09 13:52:02.522 DEBUG	core	Ignoring "'??? carp' Umeltekkud" who appears to be "Dead, Jim." [src\dwarf.cpp:212] (has_invalid_flags)
2013-nov-09 13:52:02.523 DEBUG	core	FOUND BEAST "0x25ad0fb0" "Stag Dewbeetle" [src\dfinstance.cpp:513] (load_dwarves)
2013-nov-09 13:52:02.523 DEBUG	core	FOUND BEAST "0x25ad1ab8" "Doe Dewbeetle" [src\dfinstance.cpp:513] (load_dwarves)
2013-nov-09 13:52:02.524 DEBUG	core	FOUND BEAST "0x25ad6c80" "Leatherwing Bat" [src\dfinstance.cpp:513] (load_dwarves)
2013-nov-09 13:52:02.524 DEBUG	core	FOUND BEAST "0x25ad98a0" "Leatherwing Bat" [src\dfinstance.cpp:513] (load_dwarves)
2013-nov-09 13:52:02.524 DEBUG	core	FOUND BEAST "0x25ada3a8" "Leatherwing Bat" [src\dfinstance.cpp:513] (load_dwarves)
2013-nov-09 13:52:02.524 DEBUG	core	Ignoring "Unknown" who appears to be "Dead, Jim." [src\dwarf.cpp:212] (has_invalid_flags)
2013-nov-09 13:52:02.525 DEBUG	core	FOUND BEAST "0x25ae2808" "War Mastiff" [src\dfinstance.cpp:513] (load_dwarves)
2013-nov-09 13:52:02.525 DEBUG	core	FOUND BEAST "0x25ae3310" "Changeling" [src\dfinstance.cpp:513] (load_dwarves)
2013-nov-09 13:52:02.527 DEBUG	core	FOUND DWARF "0x25aea160" "Olin Memrutmugshith" [src\dfinstance.cpp:500] (load_dwarves)
2013-nov-09 13:52:02.527 DEBUG	core	Ignoring "'MissLADEM' Litastsolon" who appears to be "Dead, Jim." [src\dwarf.cpp:212] (has_invalid_flags)
2013-nov-09 13:52:02.529 DEBUG	core	FOUND DWARF "0x2ac96b00" "'(?)-- HEALER' Nirmekzoden" [src\dfinstance.cpp:500] (load_dwarves)
2013-nov-09 13:52:02.532 DEBUG	core	FOUND DWARF "0x25aeac68" "'(?)-- ZDEFILER' Abshothdetgash" [src\dfinstance.cpp:500] (load_dwarves)
2013-nov-09 13:52:02.532 DEBUG	core	FOUND BEAST "0x25aeb770" "Bearded Cavernkeet (Ducim Ablelotsus)" [src\dfinstance.cpp:513] (load_dwarves)
2013-nov-09 13:52:02.535 DEBUG	core	FOUND DWARF "0x2e4a86b0" "'====' Keskalmozir Numkoshosh Unol" [src\dfinstance.cpp:500] (load_dwarves)
2013-nov-09 13:52:02.537 DEBUG	core	FOUND DWARF "0x2e4a91b8" "'??? craft' Sizirlidod" [src\dfinstance.cpp:500] (load_dwarves)
2013-nov-09 13:52:02.539 DEBUG	core	FOUND DWARF "0x25aec278" "'??? [+] Doc2' Birutzolak" [src\dfinstance.cpp:500] (load_dwarves)
2013-nov-09 13:52:02.541 DEBUG	core	FOUND DWARF "0x2a537b78" "'(-||--) FIVE' Tenshedbecor" [src\dfinstance.cpp:500] (load_dwarves)
2013-nov-09 13:52:02.543 DEBUG	core	FOUND DWARF "0x2a535a60" "'??? beast' Etostdostust" [src\dfinstance.cpp:500] (load_dwarves)
2013-nov-09 13:52:02.545 DEBUG	core	FOUND DWARF "0x25aed888" "'baby' Mishakkolad" [src\dfinstance.cpp:500] (load_dwarves)
2013-nov-09 13:52:02.545 DEBUG	core	Ignoring "Inod Lazendok" who appears to be "Dead, Jim." [src\dwarf.cpp:212] (has_invalid_flags)
2013-nov-09 13:52:02.547 DEBUG	core	FOUND DWARF "0x25aff0e0" "'baby' Kodorbot" [src\dfinstance.cpp:500] (load_dwarves)
2013-nov-09 13:52:02.549 DEBUG	core	FOUND DWARF "0x25affbe8" "'??? smith' Tuloninen" [src\dfinstance.cpp:500] (load_dwarves)
2013-nov-09 13:52:02.549 DEBUG	core	Ignoring "Erush Akumnil" who appears to be "Dead, Jim." [src\dwarf.cpp:212] (has_invalid_flags)
2013-nov-09 13:52:02.551 DEBUG	core	FOUND DWARF "0x2e4a0250" "Assog Ezumitat" [src\dfinstance.cpp:500] (load_dwarves)
2013-nov-09 13:52:02.553 DEBUG	core	FOUND DWARF "0x25838160" "'====' Lolokrab" [src\dfinstance.cpp:500] (load_dwarves)
2013-nov-09 13:52:02.555 DEBUG	core	FOUND DWARF "0x25b011f8" "Urdim Eriblened" [src\dfinstance.cpp:500] (load_dwarves)
2013-nov-09 13:52:02.557 DEBUG	core	FOUND DWARF "0x2583efb0" "'&&& Gunner' Nilstorlut" [src\dfinstance.cpp:500] (load_dwarves)
2013-nov-09 13:52:02.559 DEBUG	core	FOUND DWARF "0x2583ad80" "Datan Sazirid" [src\dfinstance.cpp:500] (load_dwarves)
2013-nov-09 13:52:02.559 DEBUG	core	Ignoring "'$$$ brewer' Keshmorul" who appears to be "Dead, Jim." [src\dwarf.cpp:212] (has_invalid_flags)
2013-nov-09 13:52:02.561 DEBUG	core	FOUND DWARF "0x25b02808" "'&&& Gunner' Luramkol" [src\dfinstance.cpp:500] (load_dwarves)
2013-nov-09 13:52:02.563 DEBUG	core	FOUND DWARF "0x2e4a4f88" "'=' Ablelgembish" [src\dfinstance.cpp:500] (load_dwarves)
2013-nov-09 13:52:02.565 DEBUG	core	FOUND DWARF "0x2e49ec40" "'[+] NURSE' Tekkudthemor" [src\dfinstance.cpp:500] (load_dwarves)
2013-nov-09 13:52:02.566 DEBUG	core	FOUND BEAST "0x25b03310" "Mastiff" [src\dfinstance.cpp:513] (load_dwarves)
2013-nov-09 13:52:02.566 DEBUG	core	FOUND BEAST "0x25b03e18" "Mastiff" [src\dfinstance.cpp:513] (load_dwarves)
2013-nov-09 13:52:02.567 DEBUG	core	FOUND BEAST "0x25b04920" "Leatherwing Bat" [src\dfinstance.cpp:513] (load_dwarves)
2013-nov-09 13:52:02.567 DEBUG	core	FOUND BEAST "0x25b05428" "Leatherwing Bat" [src\dfinstance.cpp:513] (load_dwarves)
2013-nov-09 13:52:02.567 DEBUG	core	FOUND BEAST "0x25b05f30" "Guardian Of Armok (The Destroyer)" [src\dfinstance.cpp:513] (load_dwarves)
2013-nov-09 13:52:02.568 DEBUG	core	FOUND BEAST "0x25b06a38" "Leatherwing Bat" [src\dfinstance.cpp:513] (load_dwarves)
2013-nov-09 13:52:02.568 DEBUG	core	Ignoring "Unknown" who appears to be "Dead, Jim." [src\dwarf.cpp:212] (has_invalid_flags)
2013-nov-09 13:52:02.568 DEBUG	core	FOUND BEAST "0x25b08048" "Leatherwing Bat" [src\dfinstance.cpp:513] (load_dwarves)
2013-nov-09 13:52:02.569 DEBUG	core	FOUND BEAST "0x25b08b50" "Leatherwing Bat" [src\dfinstance.cpp:513] (load_dwarves)
2013-nov-09 13:52:02.569 DEBUG	core	Ignoring "'baby' Doshetekast" who appears to be "Dead, Jim." [src\dwarf.cpp:212] (has_invalid_flags)
2013-nov-09 13:52:02.569 DEBUG	core	FOUND BEAST "0x25b0a160" "Cragtooth Boar" [src\dfinstance.cpp:513] (load_dwarves)
2013-nov-09 13:52:02.569 DEBUG	core	FOUND BEAST "0x25b0ac68" "Cragtooth Boar" [src\dfinstance.cpp:513] (load_dwarves)
2013-nov-09 13:52:02.570 DEBUG	core	FOUND BEAST "0x25b0b770" "Cragtooth Boar" [src\dfinstance.cpp:513] (load_dwarves)
2013-nov-09 13:52:02.570 DEBUG	core	Ignoring "Unknown (Pik)" who appears to be "marauder" [src\dwarf.cpp:212] (has_invalid_flags)
2013-nov-09 13:52:02.570 DEBUG	core	Ignoring "Unknown (Bugi)" who appears to be "marauder" [src\dwarf.cpp:212] (has_invalid_flags)
2013-nov-09 13:52:02.570 DEBUG	core	Ignoring "Unknown (Thuthulecit)" who appears to be "marauder" [src\dwarf.cpp:212] (has_invalid_flags)
2013-nov-09 13:52:02.571 DEBUG	core	Ignoring "Unknown (Bathru)" who appears to be "an invader or hostile" [src\dwarf.cpp:212] (has_invalid_flags)
2013-nov-09 13:52:02.571 DEBUG	core	Ignoring "Unknown (Thudu Akulceshshed)" who appears to be "an invader or hostile" [src\dwarf.cpp:212] (has_invalid_flags)
2013-nov-09 13:52:02.571 DEBUG	core	Ignoring "Unknown (Nebo)" who appears to be "marauder" [src\dwarf.cpp:212] (has_invalid_flags)
2013-nov-09 13:52:02.571 DEBUG	core	Ignoring "Unknown (Ulet)" who appears to be "marauder" [src\dwarf.cpp:212] (has_invalid_flags)
2013-nov-09 13:52:02.572 DEBUG	core	Ignoring "Unknown (Apsong)" who appears to be "marauder" [src\dwarf.cpp:212] (has_invalid_flags)
2013-nov-09 13:52:02.572 DEBUG	core	Ignoring "Unknown" who appears to be "marauder" [src\dwarf.cpp:212] (has_invalid_flags)
2013-nov-09 13:52:02.572 DEBUG	core	FOUND BEAST "0x25b34060" "Mastiff Puppy" [src\dfinstance.cpp:513] (load_dwarves)
2013-nov-09 13:52:02.573 DEBUG	core	FOUND BEAST "0x25b34b68" "Leatherwing Pup" [src\dfinstance.cpp:513] (load_dwarves)
2013-nov-09 13:52:02.573 DEBUG	core	Ignoring "Unknown" who appears to be "Dead, Jim." [src\dwarf.cpp:212] (has_invalid_flags)
2013-nov-09 13:52:02.573 DEBUG	core	FOUND BEAST "0x25b36178" "Moleweasel Kit" [src\dfinstance.cpp:513] (load_dwarves)
2013-nov-09 13:52:02.574 DEBUG	core	FOUND BEAST "0x25b36c80" "Leatherwing Pup" [src\dfinstance.cpp:513] (load_dwarves)
2013-nov-09 13:52:02.574 DEBUG	core	FOUND BEAST "0x25b37788" "Leatherwing Pup" [src\dfinstance.cpp:513] (load_dwarves)
2013-nov-09 13:52:02.574 DEBUG	core	FOUND BEAST "0x25b38290" "Leatherwing Pup" [src\dfinstance.cpp:513] (load_dwarves)
2013-nov-09 13:52:02.575 DEBUG	core	FOUND BEAST "0x25b38d98" "" [src\dfinstance.cpp:513] (load_dwarves)
2013-nov-09 13:52:02.575 DEBUG	core	FOUND BEAST "0x25b398a0" "" [src\dfinstance.cpp:513] (load_dwarves)
2013-nov-09 13:52:02.576 DEBUG	core	FOUND BEAST "0x25b3aeb0" "Giant Drone Ant" [src\dfinstance.cpp:513] (load_dwarves)
2013-nov-09 13:52:02.577 DEBUG	core	FOUND BEAST "0x25b3b9b8" "Giant Soldier Ant" [src\dfinstance.cpp:513] (load_dwarves)
2013-nov-09 13:52:02.577 DEBUG	core	Ignoring "Unknown" who appears to be "Dead, Jim." [src\dwarf.cpp:212] (has_invalid_flags)
2013-nov-09 13:52:02.577 DEBUG	core	FOUND BEAST "0x25b406f0" "Mastiff Puppy" [src\dfinstance.cpp:513] (load_dwarves)
2013-nov-09 13:52:02.578 DEBUG	core	FOUND BEAST "0x25b411f8" "Mastiff Puppy" [src\dfinstance.cpp:513] (load_dwarves)
2013-nov-09 13:52:02.578 DEBUG	core	FOUND BEAST "0x25b41d00" "Mastiff Puppy" [src\dfinstance.cpp:513] (load_dwarves)
2013-nov-09 13:52:02.580 DEBUG	core	FOUND DWARF "0x25b42808" "'??? beast' Tholtigtetist" [src\dfinstance.cpp:500] (load_dwarves)
2013-nov-09 13:52:02.581 DEBUG	core	FOUND BEAST "0x25b43310" "Kea" [src\dfinstance.cpp:513] (load_dwarves)
2013-nov-09 13:52:02.581 DEBUG	core	FOUND BEAST "0x25b45f30" "Leatherwing Pup" [src\dfinstance.cpp:513] (load_dwarves)
2013-nov-09 13:52:02.582 DEBUG	core	FOUND BEAST "0x25b46a38" "Giant Olm" [src\dfinstance.cpp:513] (load_dwarves)
2013-nov-09 13:52:02.582 DEBUG	core	FOUND BEAST "0x25b4ac68" "Sand Spider" [src\dfinstance.cpp:513] (load_dwarves)
2013-nov-09 13:52:02.583 DEBUG	core	FOUND BEAST "0x25b58290" "" [src\dfinstance.cpp:513] (load_dwarves)
2013-nov-09 13:52:02.584 DEBUG	core	FOUND BEAST "0x25b58d98" "" [src\dfinstance.cpp:513] (load_dwarves)
2013-nov-09 13:52:02.584 DEBUG	core	Ignoring "Unknown (Q'yth-az)" who appears to be "Dead, Jim." [src\dwarf.cpp:212] (has_invalid_flags)
2013-nov-09 13:52:02.584 DEBUG	core	FOUND BEAST "0x25b5a3a8" "Forgotten Beast (Yggdrasil)" [src\dfinstance.cpp:513] (load_dwarves)
2013-nov-09 13:52:02.585 DEBUG	core	FOUND BEAST "0x25b5f0e0" "Changeling Larva" [src\dfinstance.cpp:513] (load_dwarves)
2013-nov-09 13:52:02.586 DEBUG	core	FOUND DWARF "0x25b5fbe8" "'(-||--) SEVEN'" [src\dfinstance.cpp:500] (load_dwarves)
2013-nov-09 13:52:02.588 DEBUG	core	FOUND DWARF "0x25b62808" "'??? alche (baby' Rodukthiz" [src\dfinstance.cpp:500] (load_dwarves)
2013-nov-09 13:52:02.589 DEBUG	core	FOUND DWARF "0x25b64920" "'child' Thomaltezad" [src\dfinstance.cpp:500] (load_dwarves)
2013-nov-09 13:52:02.591 DEBUG	core	FOUND DWARF "0x25b65428" "Becor Zanakir" [src\dfinstance.cpp:500] (load_dwarves)
2013-nov-09 13:52:02.593 DEBUG	core	FOUND DWARF "0x2e4a2368" "Rimtar Idgageshtan" [src\dfinstance.cpp:500] (load_dwarves)
2013-nov-09 13:52:02.594 DEBUG	core	FOUND DWARF "0x2ac8db98" "'??? farmer' Lurorshar" [src\dfinstance.cpp:500] (load_dwarves)
2013-nov-09 13:52:02.596 DEBUG	core	FOUND DWARF "0x25b65f30" "'M=' Amalzasit" [src\dfinstance.cpp:500] (load_dwarves)
2013-nov-09 13:52:02.598 DEBUG	core	FOUND DWARF "0x1f958598" "'??? beast' Omtugdostust" [src\dfinstance.cpp:500] (load_dwarves)
2013-nov-09 13:52:02.600 DEBUG	core	FOUND DWARF "0x2e4a4480" "'[+] HEALER' Mosusvudthar" [src\dfinstance.cpp:500] (load_dwarves)
2013-nov-09 13:52:02.602 DEBUG	core	FOUND DWARF "0x25b66a38" "'&&& Gunner' Ibniles" [src\dfinstance.cpp:500] (load_dwarves)
2013-nov-09 13:52:02.604 DEBUG	core	FOUND DWARF "0x2583ce98" "'M=' Belbezceshfot" [src\dfinstance.cpp:500] (load_dwarves)
2013-nov-09 13:52:02.605 DEBUG	core	FOUND DWARF "0x2583c390" "Zeg Bersodzul" [src\dfinstance.cpp:500] (load_dwarves)
2013-nov-09 13:52:02.606 DEBUG	core	FOUND BEAST "0x25b67540" "Leatherwing Pup" [src\dfinstance.cpp:513] (load_dwarves)
2013-nov-09 13:52:02.606 DEBUG	core	FOUND BEAST "0x25b68048" "Leatherwing Pup" [src\dfinstance.cpp:513] (load_dwarves)
2013-nov-09 13:52:02.606 DEBUG	core	FOUND BEAST "0x25b68b50" "Leatherwing Pup" [src\dfinstance.cpp:513] (load_dwarves)
2013-nov-09 13:52:02.607 DEBUG	core	FOUND BEAST "0x25b69658" "Cragtooth Piglet" [src\dfinstance.cpp:513] (load_dwarves)
2013-nov-09 13:52:02.607 DEBUG	core	FOUND BEAST "0x25b6a160" "Cragtooth Piglet" [src\dfinstance.cpp:513] (load_dwarves)
2013-nov-09 13:52:02.607 DEBUG	core	FOUND BEAST "0x25b6ac68" "Cragtooth Piglet" [src\dfinstance.cpp:513] (load_dwarves)
2013-nov-09 13:52:02.608 DEBUG	core	FOUND BEAST "0x25b6b770" "Raccoon" [src\dfinstance.cpp:513] (load_dwarves)
2013-nov-09 13:52:02.609 DEBUG	core	FOUND BEAST "0x25b6c278" "Raccoon" [src\dfinstance.cpp:513] (load_dwarves)
2013-nov-09 13:52:02.610 DEBUG	core	FOUND DWARF "0x25b73bd0" "Unib Bashnomedtul" [src\dfinstance.cpp:500] (load_dwarves)
2013-nov-09 13:52:02.612 DEBUG	core	FOUND DWARF "0x25b7ec50" "'child' Thabumsedish" [src\dfinstance.cpp:500] (load_dwarves)
2013-nov-09 13:52:02.613 DEBUG	core	FOUND BEAST "0x25b81870" "Cragtooth Piglet" [src\dfinstance.cpp:513] (load_dwarves)
2013-nov-09 13:52:02.613 DEBUG	core	FOUND BEAST "0x25b82378" "Mastiff Puppy" [src\dfinstance.cpp:513] (load_dwarves)
2013-nov-09 13:52:02.613 DEBUG	core	FOUND BEAST "0x25b82e80" "Mastiff Puppy" [src\dfinstance.cpp:513] (load_dwarves)
2013-nov-09 13:52:02.614 DEBUG	core	FOUND BEAST "0x25b83988" "Moleweasel Kit" [src\dfinstance.cpp:513] (load_dwarves)
2013-nov-09 13:52:02.614 DEBUG	core	FOUND BEAST "0x25b84490" "Moleweasel Kit" [src\dfinstance.cpp:513] (load_dwarves)
2013-nov-09 13:52:02.614 DEBUG	core	FOUND BEAST "0x25b84f98" "Moleweasel Kit" [src\dfinstance.cpp:513] (load_dwarves)
2013-nov-09 13:52:02.615 DEBUG	core	FOUND BEAST "0x25b85aa0" "Moleweasel Kit" [src\dfinstance.cpp:513] (load_dwarves)
2013-nov-09 13:52:02.616 DEBUG	core	FOUND BEAST "0x25b865a8" "Mastiff Puppy" [src\dfinstance.cpp:513] (load_dwarves)
2013-nov-09 13:52:02.616 DEBUG	core	FOUND BEAST "0x25b870b0" "Mastiff Puppy" [src\dfinstance.cpp:513] (load_dwarves)
2013-nov-09 13:52:02.616 DEBUG	core	FOUND BEAST "0x25b87bb8" "Mastiff Puppy" [src\dfinstance.cpp:513] (load_dwarves)
2013-nov-09 13:52:02.618 DEBUG	core	FOUND DWARF "0x25b886c0" "Lorbam Kugikrab" [src\dfinstance.cpp:500] (load_dwarves)
2013-nov-09 13:52:02.619 DEBUG	core	FOUND DWARF "0x25b891c8" "Kol Nobang" [src\dfinstance.cpp:500] (load_dwarves)
2013-nov-09 13:52:02.620 DEBUG	core	FOUND BEAST "0x25b8a7d8" "Leatherwing Pup" [src\dfinstance.cpp:513] (load_dwarves)
2013-nov-09 13:52:02.620 DEBUG	core	FOUND BEAST "0x25b8b2e0" "Leatherwing Pup" [src\dfinstance.cpp:513] (load_dwarves)
2013-nov-09 13:52:02.621 DEBUG	core	FOUND BEAST "0x25b8bde8" "Leatherwing Pup" [src\dfinstance.cpp:513] (load_dwarves)
2013-nov-09 13:52:02.621 DEBUG	core	FOUND BEAST "0x25b8c8f0" "Leatherwing Pup" [src\dfinstance.cpp:513] (load_dwarves)
2013-nov-09 13:52:02.621 DEBUG	core	Ignoring "Wavekin" who appears to be "Dead, Jim." [src\dwarf.cpp:212] (has_invalid_flags)
2013-nov-09 13:52:02.622 DEBUG	core	FOUND BEAST "0x25b90018" "" [src\dfinstance.cpp:513] (load_dwarves)
2013-nov-09 13:52:02.622 DEBUG	core	FOUND BEAST "0x25b90b20" "" [src\dfinstance.cpp:513] (load_dwarves)
2013-nov-09 13:52:02.622 DEBUG	core	FOUND BEAST "0x25b91628" "" [src\dfinstance.cpp:513] (load_dwarves)
2013-nov-09 13:52:02.623 DEBUG	core	FOUND BEAST "0x25bf5670" "Leatherwing Pup" [src\dfinstance.cpp:513] (load_dwarves)
2013-nov-09 13:52:02.623 DEBUG	core	FOUND BEAST "0x25bf6178" "Leatherwing Pup" [src\dfinstance.cpp:513] (load_dwarves)
2013-nov-09 13:52:02.623 DEBUG	core	FOUND BEAST "0x25bf6c80" "Leatherwing Pup" [src\dfinstance.cpp:513] (load_dwarves)
2013-nov-09 13:52:02.624 DEBUG	core	FOUND BEAST "0x25bf7788" "Leatherwing Pup" [src\dfinstance.cpp:513] (load_dwarves)
2013-nov-09 13:52:02.624 DEBUG	core	FOUND BEAST "0x25bf8290" "Leatherwing Pup" [src\dfinstance.cpp:513] (load_dwarves)
2013-nov-09 13:52:02.624 DEBUG	core	FOUND BEAST "0x25bf8d98" "Leatherwing Pup" [src\dfinstance.cpp:513] (load_dwarves)
2013-nov-09 13:52:02.626 DEBUG	core	FOUND BEAST "0x25c3e5d8" "Mastiff Puppy" [src\dfinstance.cpp:513] (load_dwarves)
2013-nov-09 13:52:02.626 DEBUG	core	FOUND BEAST "0x25c3f0e0" "Mastiff Puppy" [src\dfinstance.cpp:513] (load_dwarves)
2013-nov-09 13:52:02.628 DEBUG	core	FOUND DWARF "0x25c3fbe8" "Tulon Assoglinon" [src\dfinstance.cpp:500] (load_dwarves)
2013-nov-09 13:52:02.629 DEBUG	core	FOUND DWARF "0x25c406f0" "Wavekin" [src\dfinstance.cpp:500] (load_dwarves)
2013-nov-09 13:52:02.630 DEBUG	core	FOUND BEAST "0x25c411f8" "Mastiff Puppy" [src\dfinstance.cpp:513] (load_dwarves)
2013-nov-09 13:52:02.630 DEBUG	core	FOUND BEAST "0x25c41d00" "Changeling Larva" [src\dfinstance.cpp:513] (load_dwarves)
2013-nov-09 13:52:02.632 DEBUG	core	FOUND DWARF "0x25c42808" "Dobar Ubenzevut" [src\dfinstance.cpp:500] (load_dwarves)
2013-nov-09 13:52:02.634 DEBUG	core	FOUND DWARF "0x25c44920" "Shusug Omatsolon" [src\dfinstance.cpp:500] (load_dwarves)
2013-nov-09 13:52:02.634 DEBUG	core	FOUND BEAST "0x25c45428" "Giant Olm" [src\dfinstance.cpp:513] (load_dwarves)
2013-nov-09 13:52:02.636 DEBUG	core	FOUND DWARF "0x25c45f30" "Risen Mothrambagoz" [src\dfinstance.cpp:500] (load_dwarves)
2013-nov-09 13:52:02.636 DEBUG	core	FOUND BEAST "0x25c46a38" "Leatherwing Pup" [src\dfinstance.cpp:513] (load_dwarves)
2013-nov-09 13:52:02.637 DEBUG	core	FOUND BEAST "0x25c47540" "Cave Tortoise" [src\dfinstance.cpp:513] (load_dwarves)
2013-nov-09 13:52:02.638 DEBUG	core	FOUND BEAST "0x25c4e390" "Leatherwing Pup" [src\dfinstance.cpp:513] (load_dwarves)
2013-nov-09 13:52:02.638 DEBUG	core	FOUND BEAST "0x25c4ee98" "Leatherwing Pup" [src\dfinstance.cpp:513] (load_dwarves)
2013-nov-09 13:52:02.638 DEBUG	core	FOUND BEAST "0x25c4f9a0" "Cragtooth Piglet" [src\dfinstance.cpp:513] (load_dwarves)
2013-nov-09 13:52:02.639 DEBUG	core	FOUND BEAST "0x25c504a8" "Cragtooth Piglet" [src\dfinstance.cpp:513] (load_dwarves)
2013-nov-09 13:52:02.639 DEBUG	core	FOUND BEAST "0x25c50fb0" "Cragtooth Piglet" [src\dfinstance.cpp:513] (load_dwarves)
2013-nov-09 13:52:02.644 DEBUG	core	FOUND DWARF "0x25c51ab8" "Ceshfot Sigunzin" [src\dfinstance.cpp:500] (load_dwarves)
2013-nov-09 13:52:02.644 DEBUG	core	FOUND BEAST "0x25c5e148" "Scarecrow (Scary)" [src\dfinstance.cpp:513] (load_dwarves)
2013-nov-09 13:52:02.645 DEBUG	core	FOUND BEAST "0x25c5ec50" "Scarecrow (Scary)" [src\dfinstance.cpp:513] (load_dwarves)
2013-nov-09 13:52:02.645 DEBUG	core	read  315  in  449 ms [src\dfinstance.cpp:518] (load_dwarves)
2013-nov-09 13:52:03.643 INFO	core	found 315 dwarves out of 974 creatures [src\dfinstance.cpp:542] (load_dwarves)
2013-nov-09 13:52:03.643 DEBUG	core	loading squads from  "0x024d8c98" "0x01868c98" (UNCORRECTED) [src\dfinstance.cpp:840] (load_squads)
2013-nov-09 13:52:03.645 DEBUG	core	FOUND SQUAD "0x34a0b210" "EO 1"  member count:  2  id:  9 [src\dfinstance.cpp:859] (load_squads)
2013-nov-09 13:52:03.645 DEBUG	core	FOUND SQUAD "0x34a0b368" "Lvl3"  member count:  1  id:  13 [src\dfinstance.cpp:859] (load_squads)
2013-nov-09 13:52:03.645 DEBUG	core	FOUND SQUAD "0x34a0b4c0" "Gunners"  member count:  6  id:  15 [src\dfinstance.cpp:859] (load_squads)
2013-nov-09 13:52:03.646 DEBUG	core	FOUND SQUAD "0x34a0b618" "EO 2"  member count:  0  id:  16 [src\dfinstance.cpp:859] (load_squads)
2013-nov-09 13:52:03.646 DEBUG	core	FOUND SQUAD "0x34a0b770" "Tiradores"  member count:  2  id:  17 [src\dfinstance.cpp:859] (load_squads)
2013-nov-09 13:52:03.646 DEBUG	core	FOUND SQUAD "0x34a0b8c8" "EO 3"  member count:  2  id:  18 [src\dfinstance.cpp:859] (load_squads)
2013-nov-09 13:52:03.646 DEBUG	core	FOUND SQUAD "0x34a0ba20" "EO 4"  member count:  2  id:  19 [src\dfinstance.cpp:859] (load_squads)
2013-nov-09 13:52:03.646 DEBUG	core	FOUND SQUAD "0x34a0bb78" "Eo 5"  member count:  3  id:  20 [src\dfinstance.cpp:859] (load_squads)
2013-nov-09 13:52:03.646 DEBUG	core	FOUND SQUAD "0x34a0bcd0" "Earthkins"  member count:  2  id:  21 [src\dfinstance.cpp:859] (load_squads)
2013-nov-09 13:52:03.646 DEBUG	core	FOUND SQUAD "0x34a0be28" "Miners"  member count:  7  id:  22 [src\dfinstance.cpp:859] (load_squads)
2013-nov-09 13:52:03.648 DEBUG	core	group_by now set to 0  for view  "Labors" [src\models\dwarfmodel.cpp:694] (set_group_by)
2013-nov-09 13:52:14.113 INFO	core	Beginning shutdown [src\mainwindow.cpp:285] (closeEvent)
2013-nov-09 13:52:14.113 DEBUG	core	beginning to write settings [src\mainwindow.cpp:262] (write_settings)
2013-nov-09 13:52:14.113 DEBUG	core	finished writing settings [src\mainwindow.cpp:280] (write_settings)
2013-nov-09 13:52:14.113 INFO	core	Closing Dwarf Therapist normally [src\mainwindow.cpp:291] (closeEvent)
